#
# A fatal error has been detected by the Java Runtime Environment:
#
#  EXCEPTION_ACCESS_VIOLATION (0xc0000005) at pc=0x00007ffc275266f0, pid=5636, tid=17524
#
# JRE version: OpenJDK Runtime Environment (15.0.1+9) (build 15.0.1+9-18)
# Java VM: OpenJDK 64-Bit Server VM (15.0.1+9-18, mixed mode, sharing, tiered, compressed oops, g1 gc, windows-amd64)
# Problematic frame:
# C  [glass.dll+0x266f0]
#
# No core dump will be written. Minidumps are not enabled by default on client versions of Windows
#
# If you would like to submit a bug report, please visit:
#   https://bugreport.java.com/bugreport/crash.jsp
#

---------------  S U M M A R Y ------------

Command Line: -agentlib:jdwp=transport=dt_socket,address=127.0.0.1:57667,suspend=y,server=n --module-path=C:\Users\Vadim\Downloads\javafx-sdk-15.0.1\lib --add-modules=javafx.controls,javafx.fxml --add-exports=javafx.graphics/com.sun.javafx.sg.prism=ALL-UNNAMED --add-modules=javafx.base,javafx.graphics --add-reads=javafx.base=ALL-UNNAMED --add-reads=javafx.graphics=ALL-UNNAMED -javaagent:C:\Users\Vadim\AppData\Local\JetBrains\IntelliJIdea2020.2\captureAgent\debugger-agent.jar -Dfile.encoding=UTF-8 sample.Main

Host: Intel(R) Core(TM) i7-8750H CPU @ 2.20GHz, 12 cores, 11G,  Windows 10 , 64 bit Build 17763 (10.0.17763.475)
Time: Tue Nov 24 18:00:55 2020 Aaea?onu (ceia) elapsed time: 184.578831 seconds (0d 0h 3m 4s)

---------------  T H R E A D  ---------------

Current thread (0x0000023456d2c6b0):  VMThread "VM Thread" [stack: 0x000000af2b300000,0x000000af2b400000] [id=17524]

Stack: [0x000000af2b300000,0x000000af2b400000],  sp=0x000000af2b3ff290,  free space=1020k
Native frames: (J=compiled Java code, j=interpreted, Vv=VM code, C=native code)
C  [glass.dll+0x266f0]


siginfo: EXCEPTION_ACCESS_VIOLATION (0xc0000005), reading address 0x0000000000000000


Register to memory mapping:

RIP=0x00007ffc275266f0 glass.dll
RAX=0x0 is NULL
RBX=0x0000023458e864f0 is a global jni handle
RCX=0x0000023456d2c6b0 points into unknown readable memory: 0x00007ffc2fca4238 | 38 42 ca 2f fc 7f 00 00
RDX=0x000000af2b3ff290 points into unknown readable memory: 0x0000000000000000 | 00 00 00 00 00 00 00 00
RSP=0x000000af2b3ff290 points into unknown readable memory: 0x0000000000000000 | 00 00 00 00 00 00 00 00
RBP=0x0000023458252248 points into unknown readable memory: 0x000032350e47185e | 5e 18 47 0e 35 32 00 00
RSI=0x0000023458252220 points into unknown readable memory: 0x09d4bfae0e4707a1 | a1 07 47 0e ae bf d4 09
RDI=0x000032350e47185e is an unknown value
R8 =0x0000000000010002 is an unknown value
R9 =0x000032350e47185e is an unknown value
R10=0x00000234337800f0 points into unknown readable memory: 0x0000000001730006 | 06 00 73 01 00 00 00 00
R11=0x0000023458dd4070 points into unknown readable memory: 0x00000234582207e0 | e0 07 22 58 34 02 00 00
R12=0x00007ffc27523b84 glass.dll
R13=0x0000023433940880 points into unknown readable memory: 0x8000000900000001 | 01 00 00 00 09 00 00 80
R14=0x000000af2b3ff398 points into unknown readable memory: 0x000000af2b3ff380 | 80 f3 3f 2b af 00 00 00
R15=0x0000023458252220 points into unknown readable memory: 0x09d4bfae0e4707a1 | a1 07 47 0e ae bf d4 09


Registers:
RAX=0x0000000000000000, RBX=0x0000023458e864f0, RCX=0x0000023456d2c6b0, RDX=0x000000af2b3ff290
RSP=0x000000af2b3ff290, RBP=0x0000023458252248, RSI=0x0000023458252220, RDI=0x000032350e47185e
R8 =0x0000000000010002, R9 =0x000032350e47185e, R10=0x00000234337800f0, R11=0x0000023458dd4070
R12=0x00007ffc27523b84, R13=0x0000023433940880, R14=0x000000af2b3ff398, R15=0x0000023458252220
RIP=0x00007ffc275266f0, EFLAGS=0x0000000000010206

Top of Stack: (sp=0x000000af2b3ff290)
0x000000af2b3ff290:   0000000000000000 00007ffc6c7fb38b
0x000000af2b3ff2a0:   0000023458252230 0000023400000000
0x000000af2b3ff2b0:   fffffffffffffffe 00007ffc2753a1a0
0x000000af2b3ff2c0:   0000023458252228 00007ffc6c801cf6
0x000000af2b3ff2d0:   0000023458252230 0000023400000000
0x000000af2b3ff2e0:   0000000000000000 00007ffc6c7ff114
0x000000af2b3ff2f0:   fffffffffffffffe 0000000000000001
0x000000af2b3ff300:   0000000000000001 00007ffc27500000
0x000000af2b3ff310:   000000af2b3ff388 00007ffc6c801c1b
0x000000af2b3ff320:   0000000000000000 000000af2b3ff398
0x000000af2b3ff330:   000000af2b3ff650 00007ffc6c8dc130
0x000000af2b3ff340:   0000000000000000 00007ffc6c801bd4
0x000000af2b3ff350:   0000000000000000 0000000000000001
0x000000af2b3ff360:   0000000000000000 000000af2b3ff388
0x000000af2b3ff370:   0000000000000000 00007ffc27523a12
0x000000af2b3ff380:   00007ffc2753d118 000000af00000002 

Instructions: (pc=0x00007ffc275266f0)
0x00007ffc275265f0:   8b 4d 60 e8 98 c9 ff ff 48 8b 55 68 48 8b 8d 08
0x00007ffc27526600:   01 00 00 e8 49 be ff ff 33 d2 33 c9 e8 49 de ff
0x00007ffc27526610:   ff 90 cc cc cc cc cc cc cc cc cc cc cc cc cc cc
0x00007ffc27526620:   48 8d 8a 80 00 00 00 e9 14 e9 fe ff 48 89 54 24
0x00007ffc27526630:   10 55 48 83 ec 20 48 8b ea 48 8d 05 dd ca ff ff
0x00007ffc27526640:   48 83 c4 20 5d c3 cc 40 55 48 8b ea 48 8b 01 33
0x00007ffc27526650:   c9 81 38 05 00 00 c0 0f 94 c1 8b c1 5d c3 cc 40
0x00007ffc27526660:   55 48 83 ec 20 48 8b ea 8a 4d 40 48 83 c4 20 5d
0x00007ffc27526670:   e9 df cd ff ff cc 40 55 48 83 ec 20 48 8b ea e8
0x00007ffc27526680:   fc cb ff ff 8a 4d 38 48 83 c4 20 5d e9 c3 cd ff
0x00007ffc27526690:   ff cc 40 55 48 83 ec 30 48 8b ea 48 8b 01 8b 10
0x00007ffc275266a0:   48 89 4c 24 28 89 54 24 20 4c 8d 0d a4 d1 ff ff
0x00007ffc275266b0:   4c 8b 45 70 8b 55 68 48 8b 4d 60 e8 30 cb ff ff
0x00007ffc275266c0:   90 48 83 c4 30 5d c3 cc cc cc cc cc cc cc cc cc
0x00007ffc275266d0:   40 53 48 83 ec 30 48 c7 44 24 20 fe ff ff ff 48
0x00007ffc275266e0:   8b 1d 2a 64 01 00 48 85 db 74 16 e8 90 85 ff ff
0x00007ffc275266f0:   4c 8b 00 48 8b d3 48 8b c8 41 ff 90 b0 00 00 00
0x00007ffc27526700:   90 48 83 c4 30 5b c3 cc cc cc cc cc cc cc cc cc
0x00007ffc27526710:   40 53 48 83 ec 20 48 8b 1d 9b 65 01 00 48 85 db
0x00007ffc27526720:   74 57 b8 ff ff ff ff f0 0f c1 43 10 83 f8 01 75
0x00007ffc27526730:   3d 48 85 db 74 38 48 8b 0b 48 85 c9 74 0d ff 15
0x00007ffc27526740:   64 0b 00 00 48 c7 03 00 00 00 00 48 8b 4b 08 48
0x00007ffc27526750:   85 c9 74 0d e8 37 c8 ff ff 48 c7 43 08 00 00 00
0x00007ffc27526760:   00 ba 18 00 00 00 48 8b cb e8 22 c8 ff ff 48 c7
0x00007ffc27526770:   05 3f 65 01 00 00 00 00 00 48 83 c4 20 5b c3 cc
0x00007ffc27526780:   40 53 48 83 ec 20 48 8b 1d 0b 65 01 00 48 85 db
0x00007ffc27526790:   74 57 b8 ff ff ff ff f0 0f c1 43 10 83 f8 01 75
0x00007ffc275267a0:   3d 48 85 db 74 38 48 8b 0b 48 85 c9 74 0d ff 15
0x00007ffc275267b0:   f4 0a 00 00 48 c7 03 00 00 00 00 48 8b 4b 08 48
0x00007ffc275267c0:   85 c9 74 0d e8 c7 c7 ff ff 48 c7 43 08 00 00 00
0x00007ffc275267d0:   00 ba 18 00 00 00 48 8b cb e8 b2 c7 ff ff 48 c7
0x00007ffc275267e0:   05 af 64 01 00 00 00 00 00 48 83 c4 20 5b c3 cc 


Stack slot to memory mapping:
stack at sp + 0 slots: 0x0 is NULL
stack at sp + 1 slots: 0x00007ffc6c7fb38b ucrtbase.dll
stack at sp + 2 slots: 0x0000023458252230 points into unknown readable memory: 0x000032350e47185e | 5e 18 47 0e 35 32 00 00
stack at sp + 3 slots: 0x0000023400000000 is an unknown value
stack at sp + 4 slots: 0xfffffffffffffffe is an unknown value
stack at sp + 5 slots: 0x00007ffc2753a1a0 glass.dll
stack at sp + 6 slots: 0x0000023458252228 points into unknown readable memory: 0x000032350e47185e | 5e 18 47 0e 35 32 00 00
stack at sp + 7 slots: 0x00007ffc6c801cf6 ucrtbase.dll

VM_Operation (0x000000af2abfeec0): Exit, mode: safepoint, requested by thread 0x0000023458f11c80


---------------  P R O C E S S  ---------------

Threads class SMR info:
_java_thread_list=0x0000023457f965d0, length=19, elements={
0x0000023433899cb0, 0x0000023457531090, 0x0000023457531a70, 0x000002345754d800,
0x000002345754f1d0, 0x0000023457551ed0, 0x00000234575538e0, 0x00000234575562f0,
0x0000023456d16430, 0x00000234578dc110, 0x0000023457f39c80, 0x000002345809ed10,
0x0000023458d001a0, 0x000002345909b670, 0x000002345a00a690, 0x000002345808d5c0,
0x000002345808c750, 0x0000023458f147d0, 0x0000023458f11c80
}

Java Threads: ( => current thread )
  0x0000023433899cb0 JavaThread "main" [_thread_blocked, id=7524, stack(0x000000af2ad00000,0x000000af2ae00000)]
  0x0000023457531090 JavaThread "Reference Handler" daemon [_thread_blocked, id=11876, stack(0x000000af2b400000,0x000000af2b500000)]
  0x0000023457531a70 JavaThread "Finalizer" daemon [_thread_blocked, id=10580, stack(0x000000af2b500000,0x000000af2b600000)]
  0x000002345754d800 JavaThread "Attach Listener" daemon [_thread_blocked, id=584, stack(0x000000af2b700000,0x000000af2b800000)]
  0x000002345754f1d0 JavaThread "Service Thread" daemon [_thread_blocked, id=14060, stack(0x000000af2b800000,0x000000af2b900000)]
  0x0000023457551ed0 JavaThread "C2 CompilerThread0" daemon [_thread_blocked, id=14892, stack(0x000000af2b900000,0x000000af2ba00000)]
  0x00000234575538e0 JavaThread "C1 CompilerThread0" daemon [_thread_blocked, id=3648, stack(0x000000af2ba00000,0x000000af2bb00000)]
  0x00000234575562f0 JavaThread "Sweeper thread" daemon [_thread_blocked, id=17004, stack(0x000000af2bb00000,0x000000af2bc00000)]
  0x0000023456d16430 JavaThread "Common-Cleaner" daemon [_thread_blocked, id=15864, stack(0x000000af2bc00000,0x000000af2bd00000)]
  0x00000234578dc110 JavaThread "JDWP Event Helper Thread" daemon [_thread_blocked, id=13400, stack(0x000000af2c000000,0x000000af2c100000)]
  0x0000023457f39c80 JavaThread "Notification Thread" daemon [_thread_blocked, id=13376, stack(0x000000af2c200000,0x000000af2c300000)]
  0x000002345809ed10 JavaThread "QuantumRenderer-0" daemon [_thread_blocked, id=9752, stack(0x000000af2c400000,0x000000af2c500000)]
  0x0000023458d001a0 JavaThread "InvokeLaterDispatcher" daemon [_thread_blocked, id=5252, stack(0x000000af2be00000,0x000000af2bf00000)]
  0x000002345909b670 JavaThread "JavaFX Application Thread" [_thread_blocked, id=12884, stack(0x000000af2c500000,0x000000af2c600000)]
  0x000002345a00a690 JavaThread "JavaFX-Launcher" [_thread_blocked, id=9428, stack(0x000000af2ca00000,0x000000af2cb00000)]
  0x000002345808d5c0 JavaThread "Thread-2" daemon [_thread_in_native, id=2452, stack(0x000000af2c900000,0x000000af2ca00000)]
  0x000002345808c750 JavaThread "Prism Font Disposer" daemon [_thread_blocked, id=16052, stack(0x000000af2d200000,0x000000af2d300000)]
  0x0000023458f147d0 JavaThread "Cleaner-0" daemon [_thread_blocked, id=8444, stack(0x000000af2d400000,0x000000af2d500000)]
  0x0000023458f11c80 JavaThread "SIGINT handler" daemon [_thread_blocked, id=7540, stack(0x000000af2ab00000,0x000000af2ac00000)]

Other Threads:
=>0x0000023456d2c6b0 VMThread "VM Thread" [stack: 0x000000af2b300000,0x000000af2b400000] [id=17524]
  0x00000234338df530 GCTaskThread "GC Thread#0" [stack: 0x000000af2ae00000,0x000000af2af00000] [id=6448]
  0x0000023459fbe0a0 GCTaskThread "GC Thread#1" [stack: 0x000000af2cb00000,0x000000af2cc00000] [id=17268]
  0x0000023459fc0a10 GCTaskThread "GC Thread#2" [stack: 0x000000af2cc00000,0x000000af2cd00000] [id=11700]
  0x0000023459fc06e0 GCTaskThread "GC Thread#3" [stack: 0x000000af2cd00000,0x000000af2ce00000] [id=14180]
  0x0000023459fbda40 GCTaskThread "GC Thread#4" [stack: 0x000000af2ce00000,0x000000af2cf00000] [id=10820]
  0x0000023459fbe3d0 GCTaskThread "GC Thread#5" [stack: 0x000000af2cf00000,0x000000af2d000000] [id=5020]
  0x00000234338ec350 ConcurrentGCThread "G1 Main Marker" [stack: 0x000000af2af00000,0x000000af2b000000] [id=9684]
  0x00000234338eda10 ConcurrentGCThread "G1 Conc#0" [stack: 0x000000af2b000000,0x000000af2b100000] [id=12412]
  0x000002343395ced0 ConcurrentGCThread "G1 Refine#0" [stack: 0x000000af2b100000,0x000000af2b200000] [id=1704]
  0x000002343395d9e0 ConcurrentGCThread "G1 Young RemSet Sampling" [stack: 0x000000af2b200000,0x000000af2b300000] [id=9668]

Threads with active compile tasks:

VM state: at safepoint (shutting down)

VM Mutex/Monitor currently owned by a thread:  ([mutex/lock_event])
[0x0000023433893f60] Threads_lock - owner thread: 0x0000023456d2c6b0
[0x0000023433895550] Heap_lock - owner thread: 0x0000023458f11c80

Heap address: 0x0000000742400000, size: 3036 MB, Compressed Oops mode: Zero based, Oop shift amount: 3
CDS archive(s) mapped at: [0x0000000800000000-0x0000000800b50000-0x0000000800b50000), size 11862016, SharedBaseAddress: 0x0000000800000000, ArchiveRelocationMode: 0.
Compressed class space mapped at: 0x0000000800b50000-0x0000000840b50000, size: 1073741824
Narrow klass base: 0x0000000800000000, Narrow klass shift: 3, Narrow klass range: 0x100000000

GC Precious Log:
 CPUs: 12 total, 12 available
 Memory: 12142M
 Large Page Support: Disabled
 NUMA Support: Disabled
 Compressed Oops: Enabled (Zero based)
 Heap Region Size: 2M
 Heap Min Capacity: 8M
 Heap Initial Capacity: 190M
 Heap Max Capacity: 3036M
 Pre-touch: Disabled
 Parallel Workers: 10
 Concurrent Workers: 3
 Concurrent Refinement Workers: 10
 Periodic GC: Disabled

Heap:
 garbage-first heap   total 194560K, used 28672K [0x0000000742400000, 0x0000000800000000)
  region size 2048K, 14 young (28672K), 3 survivors (6144K)
 Metaspace       used 16593K, capacity 16787K, committed 16896K, reserved 1064960K
  class space    used 2222K, capacity 2298K, committed 2304K, reserved 1048576K

Heap Regions: E=young(eden), S=young(survivor), O=old, HS=humongous(starts), HC=humongous(continues), CS=collection set, F=free, OA=open archive, CA=closed archive, TAMS=top-at-mark-start (previous, next)
|   0|0x0000000742400000, 0x0000000742600000, 0x0000000742600000|100%|HS|  |TAMS 0x0000000742400000, 0x0000000742400000| Complete 
|   1|0x0000000742600000, 0x0000000742600000, 0x0000000742800000|  0%| F|  |TAMS 0x0000000742600000, 0x0000000742600000| Untracked 
|   2|0x0000000742800000, 0x0000000742800000, 0x0000000742a00000|  0%| F|  |TAMS 0x0000000742800000, 0x0000000742800000| Untracked 
|   3|0x0000000742a00000, 0x0000000742a00000, 0x0000000742c00000|  0%| F|  |TAMS 0x0000000742a00000, 0x0000000742a00000| Untracked 
|   4|0x0000000742c00000, 0x0000000742c00000, 0x0000000742e00000|  0%| F|  |TAMS 0x0000000742c00000, 0x0000000742c00000| Untracked 
|   5|0x0000000742e00000, 0x0000000742e00000, 0x0000000743000000|  0%| F|  |TAMS 0x0000000742e00000, 0x0000000742e00000| Untracked 
|   6|0x0000000743000000, 0x0000000743000000, 0x0000000743200000|  0%| F|  |TAMS 0x0000000743000000, 0x0000000743000000| Untracked 
|   7|0x0000000743200000, 0x0000000743200000, 0x0000000743400000|  0%| F|  |TAMS 0x0000000743200000, 0x0000000743200000| Untracked 
|   8|0x0000000743400000, 0x0000000743400000, 0x0000000743600000|  0%| F|  |TAMS 0x0000000743400000, 0x0000000743400000| Untracked 
|   9|0x0000000743600000, 0x0000000743600000, 0x0000000743800000|  0%| F|  |TAMS 0x0000000743600000, 0x0000000743600000| Untracked 
|  10|0x0000000743800000, 0x0000000743800000, 0x0000000743a00000|  0%| F|  |TAMS 0x0000000743800000, 0x0000000743800000| Untracked 
|  11|0x0000000743a00000, 0x0000000743a00000, 0x0000000743c00000|  0%| F|  |TAMS 0x0000000743a00000, 0x0000000743a00000| Untracked 
|  12|0x0000000743c00000, 0x0000000743c00000, 0x0000000743e00000|  0%| F|  |TAMS 0x0000000743c00000, 0x0000000743c00000| Untracked 
|  13|0x0000000743e00000, 0x0000000743e00000, 0x0000000744000000|  0%| F|  |TAMS 0x0000000743e00000, 0x0000000743e00000| Untracked 
|  14|0x0000000744000000, 0x0000000744000000, 0x0000000744200000|  0%| F|  |TAMS 0x0000000744000000, 0x0000000744000000| Untracked 
|  15|0x0000000744200000, 0x0000000744200000, 0x0000000744400000|  0%| F|  |TAMS 0x0000000744200000, 0x0000000744200000| Untracked 
|  16|0x0000000744400000, 0x0000000744400000, 0x0000000744600000|  0%| F|  |TAMS 0x0000000744400000, 0x0000000744400000| Untracked 
|  17|0x0000000744600000, 0x0000000744600000, 0x0000000744800000|  0%| F|  |TAMS 0x0000000744600000, 0x0000000744600000| Untracked 
|  18|0x0000000744800000, 0x0000000744800000, 0x0000000744a00000|  0%| F|  |TAMS 0x0000000744800000, 0x0000000744800000| Untracked 
|  19|0x0000000744a00000, 0x0000000744a00000, 0x0000000744c00000|  0%| F|  |TAMS 0x0000000744a00000, 0x0000000744a00000| Untracked 
|  20|0x0000000744c00000, 0x0000000744c00000, 0x0000000744e00000|  0%| F|  |TAMS 0x0000000744c00000, 0x0000000744c00000| Untracked 
|  21|0x0000000744e00000, 0x0000000744e00000, 0x0000000745000000|  0%| F|  |TAMS 0x0000000744e00000, 0x0000000744e00000| Untracked 
|  22|0x0000000745000000, 0x0000000745000000, 0x0000000745200000|  0%| F|  |TAMS 0x0000000745000000, 0x0000000745000000| Untracked 
|  23|0x0000000745200000, 0x0000000745200000, 0x0000000745400000|  0%| F|  |TAMS 0x0000000745200000, 0x0000000745200000| Untracked 
|  24|0x0000000745400000, 0x0000000745400000, 0x0000000745600000|  0%| F|  |TAMS 0x0000000745400000, 0x0000000745400000| Untracked 
|  25|0x0000000745600000, 0x0000000745600000, 0x0000000745800000|  0%| F|  |TAMS 0x0000000745600000, 0x0000000745600000| Untracked 
|  26|0x0000000745800000, 0x0000000745800000, 0x0000000745a00000|  0%| F|  |TAMS 0x0000000745800000, 0x0000000745800000| Untracked 
|  27|0x0000000745a00000, 0x0000000745a00000, 0x0000000745c00000|  0%| F|  |TAMS 0x0000000745a00000, 0x0000000745a00000| Untracked 
|  28|0x0000000745c00000, 0x0000000745c00000, 0x0000000745e00000|  0%| F|  |TAMS 0x0000000745c00000, 0x0000000745c00000| Untracked 
|  29|0x0000000745e00000, 0x0000000745e00000, 0x0000000746000000|  0%| F|  |TAMS 0x0000000745e00000, 0x0000000745e00000| Untracked 
|  30|0x0000000746000000, 0x0000000746000000, 0x0000000746200000|  0%| F|  |TAMS 0x0000000746000000, 0x0000000746000000| Untracked 
|  31|0x0000000746200000, 0x0000000746200000, 0x0000000746400000|  0%| F|  |TAMS 0x0000000746200000, 0x0000000746200000| Untracked 
|  32|0x0000000746400000, 0x0000000746400000, 0x0000000746600000|  0%| F|  |TAMS 0x0000000746400000, 0x0000000746400000| Untracked 
|  33|0x0000000746600000, 0x0000000746600000, 0x0000000746800000|  0%| F|  |TAMS 0x0000000746600000, 0x0000000746600000| Untracked 
|  34|0x0000000746800000, 0x0000000746800000, 0x0000000746a00000|  0%| F|  |TAMS 0x0000000746800000, 0x0000000746800000| Untracked 
|  35|0x0000000746a00000, 0x0000000746a00000, 0x0000000746c00000|  0%| F|  |TAMS 0x0000000746a00000, 0x0000000746a00000| Untracked 
|  36|0x0000000746c00000, 0x0000000746c00000, 0x0000000746e00000|  0%| F|  |TAMS 0x0000000746c00000, 0x0000000746c00000| Untracked 
|  37|0x0000000746e00000, 0x0000000746e00000, 0x0000000747000000|  0%| F|  |TAMS 0x0000000746e00000, 0x0000000746e00000| Untracked 
|  38|0x0000000747000000, 0x0000000747000000, 0x0000000747200000|  0%| F|  |TAMS 0x0000000747000000, 0x0000000747000000| Untracked 
|  39|0x0000000747200000, 0x0000000747200000, 0x0000000747400000|  0%| F|  |TAMS 0x0000000747200000, 0x0000000747200000| Untracked 
|  40|0x0000000747400000, 0x0000000747400000, 0x0000000747600000|  0%| F|  |TAMS 0x0000000747400000, 0x0000000747400000| Untracked 
|  41|0x0000000747600000, 0x0000000747600000, 0x0000000747800000|  0%| F|  |TAMS 0x0000000747600000, 0x0000000747600000| Untracked 
|  42|0x0000000747800000, 0x0000000747800000, 0x0000000747a00000|  0%| F|  |TAMS 0x0000000747800000, 0x0000000747800000| Untracked 
|  43|0x0000000747a00000, 0x0000000747a00000, 0x0000000747c00000|  0%| F|  |TAMS 0x0000000747a00000, 0x0000000747a00000| Untracked 
|  44|0x0000000747c00000, 0x0000000747c00000, 0x0000000747e00000|  0%| F|  |TAMS 0x0000000747c00000, 0x0000000747c00000| Untracked 
|  45|0x0000000747e00000, 0x0000000747e00000, 0x0000000748000000|  0%| F|  |TAMS 0x0000000747e00000, 0x0000000747e00000| Untracked 
|  46|0x0000000748000000, 0x0000000748000000, 0x0000000748200000|  0%| F|  |TAMS 0x0000000748000000, 0x0000000748000000| Untracked 
|  47|0x0000000748200000, 0x0000000748200000, 0x0000000748400000|  0%| F|  |TAMS 0x0000000748200000, 0x0000000748200000| Untracked 
|  48|0x0000000748400000, 0x0000000748400000, 0x0000000748600000|  0%| F|  |TAMS 0x0000000748400000, 0x0000000748400000| Untracked 
|  49|0x0000000748600000, 0x0000000748600000, 0x0000000748800000|  0%| F|  |TAMS 0x0000000748600000, 0x0000000748600000| Untracked 
|  50|0x0000000748800000, 0x0000000748800000, 0x0000000748a00000|  0%| F|  |TAMS 0x0000000748800000, 0x0000000748800000| Untracked 
|  51|0x0000000748a00000, 0x0000000748a00000, 0x0000000748c00000|  0%| F|  |TAMS 0x0000000748a00000, 0x0000000748a00000| Untracked 
|  52|0x0000000748c00000, 0x0000000748c00000, 0x0000000748e00000|  0%| F|  |TAMS 0x0000000748c00000, 0x0000000748c00000| Untracked 
|  53|0x0000000748e00000, 0x0000000748e00000, 0x0000000749000000|  0%| F|  |TAMS 0x0000000748e00000, 0x0000000748e00000| Untracked 
|  54|0x0000000749000000, 0x0000000749000000, 0x0000000749200000|  0%| F|  |TAMS 0x0000000749000000, 0x0000000749000000| Untracked 
|  55|0x0000000749200000, 0x0000000749200000, 0x0000000749400000|  0%| F|  |TAMS 0x0000000749200000, 0x0000000749200000| Untracked 
|  56|0x0000000749400000, 0x0000000749400000, 0x0000000749600000|  0%| F|  |TAMS 0x0000000749400000, 0x0000000749400000| Untracked 
|  57|0x0000000749600000, 0x0000000749600000, 0x0000000749800000|  0%| F|  |TAMS 0x0000000749600000, 0x0000000749600000| Untracked 
|  58|0x0000000749800000, 0x0000000749800000, 0x0000000749a00000|  0%| F|  |TAMS 0x0000000749800000, 0x0000000749800000| Untracked 
|  59|0x0000000749a00000, 0x0000000749a00000, 0x0000000749c00000|  0%| F|  |TAMS 0x0000000749a00000, 0x0000000749a00000| Untracked 
|  60|0x0000000749c00000, 0x0000000749c00000, 0x0000000749e00000|  0%| F|  |TAMS 0x0000000749c00000, 0x0000000749c00000| Untracked 
|  61|0x0000000749e00000, 0x0000000749e00000, 0x000000074a000000|  0%| F|  |TAMS 0x0000000749e00000, 0x0000000749e00000| Untracked 
|  62|0x000000074a000000, 0x000000074a000000, 0x000000074a200000|  0%| F|  |TAMS 0x000000074a000000, 0x000000074a000000| Untracked 
|  63|0x000000074a200000, 0x000000074a200000, 0x000000074a400000|  0%| F|  |TAMS 0x000000074a200000, 0x000000074a200000| Untracked 
|  64|0x000000074a400000, 0x000000074a400000, 0x000000074a600000|  0%| F|  |TAMS 0x000000074a400000, 0x000000074a400000| Untracked 
|  65|0x000000074a600000, 0x000000074a600000, 0x000000074a800000|  0%| F|  |TAMS 0x000000074a600000, 0x000000074a600000| Untracked 
|  66|0x000000074a800000, 0x000000074a800000, 0x000000074aa00000|  0%| F|  |TAMS 0x000000074a800000, 0x000000074a800000| Untracked 
|  67|0x000000074aa00000, 0x000000074aa00000, 0x000000074ac00000|  0%| F|  |TAMS 0x000000074aa00000, 0x000000074aa00000| Untracked 
|  68|0x000000074ac00000, 0x000000074ac00000, 0x000000074ae00000|  0%| F|  |TAMS 0x000000074ac00000, 0x000000074ac00000| Untracked 
|  69|0x000000074ae00000, 0x000000074ae00000, 0x000000074b000000|  0%| F|  |TAMS 0x000000074ae00000, 0x000000074ae00000| Untracked 
|  70|0x000000074b000000, 0x000000074b000000, 0x000000074b200000|  0%| F|  |TAMS 0x000000074b000000, 0x000000074b000000| Untracked 
|  71|0x000000074b200000, 0x000000074b200000, 0x000000074b400000|  0%| F|  |TAMS 0x000000074b200000, 0x000000074b200000| Untracked 
|  72|0x000000074b400000, 0x000000074b400000, 0x000000074b600000|  0%| F|  |TAMS 0x000000074b400000, 0x000000074b400000| Untracked 
|  73|0x000000074b600000, 0x000000074b600000, 0x000000074b800000|  0%| F|  |TAMS 0x000000074b600000, 0x000000074b600000| Untracked 
|  74|0x000000074b800000, 0x000000074ba00000, 0x000000074ba00000|100%| S|CS|TAMS 0x000000074b800000, 0x000000074b800000| Complete 
|  75|0x000000074ba00000, 0x000000074bc00000, 0x000000074bc00000|100%| S|CS|TAMS 0x000000074ba00000, 0x000000074ba00000| Complete 
|  76|0x000000074bc00000, 0x000000074be00000, 0x000000074be00000|100%| S|CS|TAMS 0x000000074bc00000, 0x000000074bc00000| Complete 
|  77|0x000000074be00000, 0x000000074be00000, 0x000000074c000000|  0%| F|  |TAMS 0x000000074be00000, 0x000000074be00000| Untracked 
|  78|0x000000074c000000, 0x000000074c000000, 0x000000074c200000|  0%| F|  |TAMS 0x000000074c000000, 0x000000074c000000| Untracked 
|  79|0x000000074c200000, 0x000000074c200000, 0x000000074c400000|  0%| F|  |TAMS 0x000000074c200000, 0x000000074c200000| Untracked 
|  80|0x000000074c400000, 0x000000074c400000, 0x000000074c600000|  0%| F|  |TAMS 0x000000074c400000, 0x000000074c400000| Untracked 
|  81|0x000000074c600000, 0x000000074c600000, 0x000000074c800000|  0%| F|  |TAMS 0x000000074c600000, 0x000000074c600000| Untracked 
|  82|0x000000074c800000, 0x000000074c800000, 0x000000074ca00000|  0%| F|  |TAMS 0x000000074c800000, 0x000000074c800000| Untracked 
|  83|0x000000074ca00000, 0x000000074ca00000, 0x000000074cc00000|  0%| F|  |TAMS 0x000000074ca00000, 0x000000074ca00000| Untracked 
|  84|0x000000074cc00000, 0x000000074cc00800, 0x000000074ce00000|  0%| E|  |TAMS 0x000000074cc00000, 0x000000074cc00000| Complete 
|  85|0x000000074ce00000, 0x000000074d000000, 0x000000074d000000|100%| E|CS|TAMS 0x000000074ce00000, 0x000000074ce00000| Complete 
|  86|0x000000074d000000, 0x000000074d200000, 0x000000074d200000|100%| E|CS|TAMS 0x000000074d000000, 0x000000074d000000| Complete 
|  87|0x000000074d200000, 0x000000074d400000, 0x000000074d400000|100%| E|CS|TAMS 0x000000074d200000, 0x000000074d200000| Complete 
|  88|0x000000074d400000, 0x000000074d600000, 0x000000074d600000|100%| E|CS|TAMS 0x000000074d400000, 0x000000074d400000| Complete 
|  89|0x000000074d600000, 0x000000074d800000, 0x000000074d800000|100%| E|CS|TAMS 0x000000074d600000, 0x000000074d600000| Complete 
|  90|0x000000074d800000, 0x000000074da00000, 0x000000074da00000|100%| E|CS|TAMS 0x000000074d800000, 0x000000074d800000| Complete 
|  91|0x000000074da00000, 0x000000074dc00000, 0x000000074dc00000|100%| E|CS|TAMS 0x000000074da00000, 0x000000074da00000| Complete 
|  92|0x000000074dc00000, 0x000000074de00000, 0x000000074de00000|100%| E|CS|TAMS 0x000000074dc00000, 0x000000074dc00000| Complete 
|  93|0x000000074de00000, 0x000000074e000000, 0x000000074e000000|100%| E|CS|TAMS 0x000000074de00000, 0x000000074de00000| Complete 
|  94|0x000000074e000000, 0x000000074e200000, 0x000000074e200000|100%| E|CS|TAMS 0x000000074e000000, 0x000000074e000000| Complete 

Card table byte_map: [0x000002344d550000,0x000002344db40000] _byte_map_base: 0x0000023449b3e000

Marking Bits (Prev, Next): (CMBitMap*) 0x00000234338dfc30, (CMBitMap*) 0x00000234338dfc70
 Prev Bits: [0x000002344e130000, 0x00000234510a0000)
 Next Bits: [0x00000234510a0000, 0x0000023454010000)

Polling page: 0x0000023433960000

Metaspace:

Usage:
  Non-class:     14.15 MB capacity,    14.03 MB (>99%) used,    93.91 KB ( <1%) free+waste,    24.50 KB ( <1%) overhead. 
      Class:      2.24 MB capacity,     2.17 MB ( 97%) used,    65.02 KB (  3%) free+waste,    10.50 KB ( <1%) overhead. 
       Both:     16.39 MB capacity,    16.20 MB ( 99%) used,   158.94 KB ( <1%) free+waste,    35.00 KB ( <1%) overhead. 

Virtual space:
  Non-class space:       16.00 MB reserved,      14.25 MB ( 89%) committed 
      Class space:        1.00 GB reserved,       2.25 MB ( <1%) committed 
             Both:        1.02 GB reserved,      16.50 MB (  2%) committed 

Chunk freelists:
   Non-Class:  39.00 KB
       Class:  6.00 KB
        Both:  45.00 KB

MaxMetaspaceSize: 17179869184.00 GB
CompressedClassSpaceSize: 1.00 GB

CodeHeap 'non-profiled nmethods': size=120000Kb used=1101Kb max_used=1101Kb free=118898Kb
 bounds [0x0000023444db0000, 0x0000023445020000, 0x000002344c2e0000]
CodeHeap 'profiled nmethods': size=120000Kb used=5056Kb max_used=5056Kb free=114943Kb
 bounds [0x000002343d880000, 0x000002343dd80000, 0x0000023444db0000]
CodeHeap 'non-nmethods': size=5760Kb used=1519Kb max_used=1597Kb free=4240Kb
 bounds [0x000002343d2e0000, 0x000002343d550000, 0x000002343d880000]
 total_blobs=3505 nmethods=2746 adapters=671
 compilation: enabled
              stopped_count=0, restarted_count=0
 full_count=0

Compilation events (20 events):
Event: 29.574 Thread 0x00000234575538e0 2738       3       com.sun.javafx.tk.quantum.QuantumToolkit::checkFxUserThread (12 bytes)
Event: 29.575 Thread 0x00000234575538e0 nmethod 2738 0x000002343dd6da10 code [0x000002343dd6dc00, 0x000002343dd6e0c8]
Event: 29.575 Thread 0x00000234575538e0 2739       3       com.sun.javafx.tk.Toolkit::checkFxUserThread (27 bytes)
Event: 29.575 Thread 0x0000023457551ed0 2742       4       com.sun.marlin.FloatMath::ceil_int (29 bytes)
Event: 29.575 Thread 0x00000234575538e0 nmethod 2739 0x000002343dd6e310 code [0x000002343dd6e4e0, 0x000002343dd6e918]
Event: 29.575 Thread 0x00000234575538e0 2740       3       com.sun.javafx.tk.quantum.QuantumRenderer::checkRendererIdle (147 bytes)
Event: 29.575 Thread 0x00000234575538e0 nmethod 2740 0x000002343dd6ea90 code [0x000002343dd6ec20, 0x000002343dd6ed38]
Event: 29.575 Thread 0x00000234575538e0 2741       3       com.sun.javafx.geom.transform.Identity::transform (24 bytes)
Event: 29.575 Thread 0x00000234575538e0 nmethod 2741 0x000002343dd6ee10 code [0x000002343dd6efc0, 0x000002343dd6f208]
Event: 29.576 Thread 0x0000023457551ed0 nmethod 2742 0x0000023444ec1e90 code [0x0000023444ec2000, 0x0000023444ec2098]
Event: 29.576 Thread 0x00000234575538e0 2743       3       com.sun.prism.impl.VertexBuffer::setPerVertexColor (63 bytes)
Event: 29.576 Thread 0x00000234575538e0 nmethod 2743 0x000002343dd6f310 code [0x000002343dd6f4e0, 0x000002343dd6f6f8]
Event: 29.577 Thread 0x00000234575538e0 2744       3       com.sun.prism.d3d.D3DShader::enable (44 bytes)
Event: 29.577 Thread 0x00000234575538e0 nmethod 2744 0x000002343dd6f810 code [0x000002343dd6f9c0, 0x000002343dd6fd18]
Event: 136.620 Thread 0x0000023457551ed0 2745       4       com.sun.javafx.tk.quantum.QuantumToolkit::postPulse (133 bytes)
Event: 136.641 Thread 0x0000023457551ed0 nmethod 2745 0x0000023444ec2190 code [0x0000023444ec23a0, 0x0000023444ec2c80]
Event: 136.642 Thread 0x0000023457551ed0 2746       4       com.sun.javafx.tk.quantum.QuantumToolkit$$Lambda$93/0x0000000800bef840::run (8 bytes)
Event: 136.644 Thread 0x0000023457551ed0 nmethod 2746 0x0000023444ec3290 code [0x0000023444ec3420, 0x0000023444ec3518]
Event: 184.234 Thread 0x00000234575538e0 2747       3       java.util.LinkedList$ListItr::hasNext (20 bytes)
Event: 184.235 Thread 0x00000234575538e0 nmethod 2747 0x000002343dd6fe90 code [0x000002343dd70020, 0x000002343dd70198]

GC Heap History (4 events):
Event: 0.556 GC heap before
{Heap before GC invocations=0 (full 0):
 garbage-first heap   total 194560K, used 20480K [0x0000000742400000, 0x0000000800000000)
  region size 2048K, 11 young (22528K), 0 survivors (0K)
 Metaspace       used 4581K, capacity 7434K, committed 7552K, reserved 1056768K
  class space    used 522K, capacity 794K, committed 896K, reserved 1048576K
}
Event: 0.559 GC heap after
{Heap after GC invocations=1 (full 0):
 garbage-first heap   total 194560K, used 3245K [0x0000000742400000, 0x0000000800000000)
  region size 2048K, 2 young (4096K), 2 survivors (4096K)
 Metaspace       used 4581K, capacity 7434K, committed 7552K, reserved 1056768K
  class space    used 522K, capacity 794K, committed 896K, reserved 1048576K
}
Event: 5.794 GC heap before
{Heap before GC invocations=1 (full 0):
 garbage-first heap   total 194560K, used 36013K [0x0000000742400000, 0x0000000800000000)
  region size 2048K, 18 young (36864K), 2 survivors (4096K)
 Metaspace       used 12803K, capacity 13478K, committed 13696K, reserved 1060864K
  class space    used 1775K, capacity 1845K, committed 1920K, reserved 1048576K
}
Event: 5.798 GC heap after
{Heap after GC invocations=2 (full 0):
 garbage-first heap   total 194560K, used 6144K [0x0000000742400000, 0x0000000800000000)
  region size 2048K, 3 young (6144K), 3 survivors (6144K)
 Metaspace       used 12803K, capacity 13478K, committed 13696K, reserved 1060864K
  class space    used 1775K, capacity 1845K, committed 1920K, reserved 1048576K
}

Deoptimization events (20 events):
Event: 20.465 Thread 0x000002345809ed10 DEOPT PACKING pc=0x000002343dc4be25 sp=0x000000af2c4fe0f0
Event: 20.465 Thread 0x000002345809ed10 DEOPT UNPACKING pc=0x000002343d32e23f sp=0x000000af2c4fd5c8 mode 0
Event: 21.062 Thread 0x000002345809ed10 DEOPT PACKING pc=0x000002343db81c00 sp=0x000000af2c4fe2f0
Event: 21.062 Thread 0x000002345809ed10 DEOPT UNPACKING pc=0x000002343d32e23f sp=0x000000af2c4fd710 mode 0
Event: 21.155 Thread 0x000002345909b670 Uncommon trap: trap_request=0xffffff45 fr.pc=0x0000023444e5a520 relative=0x0000000000000280
Event: 21.155 Thread 0x000002345909b670 Uncommon trap: reason=unstable_if action=reinterpret pc=0x0000023444e5a520 method=java.lang.StringConcatHelper.prepend(J[BLjava/lang/String;)J @ 13 c2
Event: 21.155 Thread 0x000002345909b670 DEOPT PACKING pc=0x0000023444e5a520 sp=0x000000af2c5fad80
Event: 21.155 Thread 0x000002345909b670 DEOPT UNPACKING pc=0x000002343d32e42f sp=0x000000af2c5fad50 mode 2
Event: 21.158 Thread 0x000002345809ed10 DEOPT PACKING pc=0x000002343db70acf sp=0x000000af2c4fdf90
Event: 21.158 Thread 0x000002345809ed10 DEOPT UNPACKING pc=0x000002343d32e23f sp=0x000000af2c4fd368 mode 0
Event: 21.672 Thread 0x000002345809ed10 DEOPT PACKING pc=0x000002343dc4be25 sp=0x000000af2c4fd6e0
Event: 21.672 Thread 0x000002345809ed10 DEOPT UNPACKING pc=0x000002343d32e23f sp=0x000000af2c4fcbb8 mode 0
Event: 21.942 Thread 0x000002345809ed10 DEOPT PACKING pc=0x000002343db6dabf sp=0x000000af2c4fe2b0
Event: 21.942 Thread 0x000002345809ed10 DEOPT UNPACKING pc=0x000002343d32e23f sp=0x000000af2c4fd740 mode 0
Event: 22.119 Thread 0x000002345809ed10 DEOPT PACKING pc=0x000002343dc4be25 sp=0x000000af2c4fe0f0
Event: 22.119 Thread 0x000002345809ed10 DEOPT UNPACKING pc=0x000002343d32e23f sp=0x000000af2c4fd5c8 mode 0
Event: 184.234 Thread 0x000002345809ed10 DEOPT PACKING pc=0x000002343db95d5c sp=0x000000af2c4ff100
Event: 184.234 Thread 0x000002345809ed10 DEOPT UNPACKING pc=0x000002343d32e23f sp=0x000000af2c4fe620 mode 1
Event: 184.234 Thread 0x0000023458f14300 DEOPT PACKING pc=0x000002343da5abd4 sp=0x000000af2acff260
Event: 184.234 Thread 0x0000023458f14300 DEOPT UNPACKING pc=0x000002343d32e23f sp=0x000000af2acfe6c0 mode 1

Classes unloaded (0 events):
No events

Classes redefined (0 events):
No events

Internal exceptions (20 events):
Event: 0.625 Thread 0x000002345909b670 Exception <a 'java/lang/NullPointerException'{0x000000074dd539d0}> (0x000000074dd539d0) 
thrown [./open/src/hotspot/share/interpreter/linkResolver.cpp, line 1374]
Event: 0.629 Thread 0x000002345909b670 Exception <a 'java/lang/NoSuchMethodError'{0x000000074dd7c678}: 'void java.lang.invoke.DirectMethodHandle$Holder.invokeSpecial(java.lang.Object, java.lang.Object, java.lang.Object, java.lang.Object, java.lang.Object)'> (0x000000074dd7c678) 
thrown [./open/src/hotspot/share/interpreter/linkResolver.cpp, line 782]
Event: 0.718 Thread 0x000002345909b670 Exception <a 'java/lang/NoSuchMethodError'{0x000000074d54cb88}: 'void java.lang.invoke.DirectMethodHandle$Holder.invokeStaticInit(java.lang.Object, java.lang.Object)'> (0x000000074d54cb88) 
thrown [./open/src/hotspot/share/interpreter/linkResolver.cpp, line 782]
Event: 5.648 Thread 0x000002345909b670 Implicit null exception at 0x0000023444df0260 to 0x0000023444df02f6
Event: 5.656 Thread 0x000002345909b670 Implicit null exception at 0x0000023444e0b1a0 to 0x0000023444e0b7cc
Event: 5.657 Thread 0x000002345909b670 Implicit null exception at 0x0000023444e0e896 to 0x0000023444e0ee48
Event: 5.659 Thread 0x000002345909b670 Implicit null exception at 0x0000023444e1802f to 0x0000023444e180ad
Event: 5.750 Thread 0x000002345909b670 Exception <a 'java/lang/ClassNotFoundException'{0x000000074c01f9f8}: com/sun/javafx/scene/control/skin/resources/controls> (0x000000074c01f9f8) 
thrown [./open/src/hotspot/share/prims/jni.cpp, line 599]
Event: 5.750 Thread 0x000002345909b670 Exception <a 'java/lang/ClassNotFoundException'{0x000000074c02d4f0}: com/sun/javafx/scene/control/skin/resources/controls_ru> (0x000000074c02d4f0) 
thrown [./open/src/hotspot/share/prims/jni.cpp, line 599]
Event: 5.750 Thread 0x000002345909b670 Exception <a 'java/lang/ClassNotFoundException'{0x000000074c02ed60}: com/sun/javafx/scene/control/skin/resources/controls_ru_RU> (0x000000074c02ed60) 
thrown [./open/src/hotspot/share/prims/jni.cpp, line 599]
Event: 5.779 Thread 0x000002345909b670 Exception <a 'java/lang/NoSuchMethodError'{0x000000074be1db20}: 'void java.lang.invoke.DirectMethodHandle$Holder.invokeSpecial(java.lang.Object, java.lang.Object, java.lang.Object, java.lang.Object, java.lang.Object, java.lang.Object)'> (0x000000074be1db20) 
thrown [./open/src/hotspot/share/interpreter/linkResolver.cpp, line 782]
Event: 5.811 Thread 0x000002345909b670 Exception <a 'java/lang/NoSuchMethodError'{0x000000074de22278}: 'java.lang.Object java.lang.invoke.DirectMethodHandle$Holder.invokeInterface(java.lang.Object, java.lang.Object, java.lang.Object)'> (0x000000074de22278) 
thrown [./open/src/hotspot/share/interpreter/linkResolver.cpp, line 782]
Event: 5.812 Thread 0x000002345909b670 Exception <a 'java/lang/IncompatibleClassChangeError'{0x000000074de25df8}: Found class java.lang.Object, but interface was expected> (0x000000074de25df8) 
thrown [./open/src/hotspot/share/interpreter/linkResolver.cpp, line 848]
Event: 5.854 Thread 0x000002345909b670 Exception <a 'java/lang/NoSuchMethodError'{0x000000074dc48ea8}: 'java.lang.Object java.lang.invoke.DirectMethodHandle$Holder.newInvokeSpecial(java.lang.Object, java.lang.Object, int)'> (0x000000074dc48ea8) 
thrown [./open/src/hotspot/share/interpreter/linkResolver.cpp, line 782]
Event: 5.870 Thread 0x000002345809ed10 Exception <a 'java/lang/NoSuchMethodError'{0x000000074da1e570}: 'int java.lang.invoke.DirectMethodHandle$Holder.invokeStaticInit(java.lang.Object, java.lang.Object)'> (0x000000074da1e570) 
thrown [./open/src/hotspot/share/interpreter/linkResolver.cpp, line 782]
Event: 5.879 Thread 0x000002345909b670 Exception <a 'java/lang/NoSuchMethodError'{0x000000074dcaec70}: 'long java.lang.invoke.DirectMethodHandle$Holder.invokeStatic(java.lang.Object, java.lang.Object, java.lang.Object)'> (0x000000074dcaec70) 
thrown [./open/src/hotspot/share/interpreter/linkResolver.cpp, line 782]
Event: 5.879 Thread 0x000002345909b670 Exception <a 'java/lang/NoSuchMethodError'{0x000000074dcb2620}: 'long java.lang.invoke.DirectMethodHandle$Holder.invokeStaticInit(java.lang.Object, java.lang.Object, java.lang.Object)'> (0x000000074dcb2620) 
thrown [./open/src/hotspot/share/interpreter/linkResolver.cpp, line 782]
Event: 5.881 Thread 0x000002345909b670 Exception <a 'java/lang/NoSuchMethodError'{0x000000074dcca680}: 'java.lang.Object java.lang.invoke.DirectMethodHandle$Holder.newInvokeSpecial(java.lang.Object, java.lang.Object, long)'> (0x000000074dcca680) 
thrown [./open/src/hotspot/share/interpreter/linkResolver.cpp, line 782]
Event: 5.881 Thread 0x000002345909b670 Exception <a 'java/lang/NoSuchMethodError'{0x000000074dcce3f0}: 'java.lang.Object java.lang.invoke.Invokers$Holder.linkToTargetMethod(java.lang.Object, long, java.lang.Object)'> (0x000000074dcce3f0) 
thrown [./open/src/hotspot/share/interpreter/linkResolver.cpp, line 782]
Event: 136.817 Thread 0x000002345909b670 Exception <a 'java/lang/NoSuchMethodError'{0x000000074d064508}: static [Ljava/lang/StackTraceElement;.<clinit>()V> (0x000000074d064508) 
thrown [./open/src/hotspot/share/prims/jni.cpp, line 1204]

Events (20 events):
Event: 184.209 Executing VM operation: ChangeBreakpoints
Event: 184.210 Executing VM operation: ChangeBreakpoints done
Event: 184.210 Executing VM operation: ChangeBreakpoints
Event: 184.210 Executing VM operation: ChangeBreakpoints done
Event: 184.210 Executing VM operation: ChangeBreakpoints
Event: 184.210 Executing VM operation: ChangeBreakpoints done
Event: 184.211 Thread 0x00000234578dba30 Thread exited: 0x00000234578dba30
Event: 184.233 loading class jdk/internal/misc/Signal$1
Event: 184.233 loading class jdk/internal/misc/Signal$1 done
Event: 184.233 Thread 0x0000023458f11c80 Thread added: 0x0000023458f11c80
Event: 184.234 Thread 0x0000023458f14300 Thread added: 0x0000023458f14300
Event: 184.234 Thread 0x0000023458f14ca0 Thread added: 0x0000023458f14ca0
Event: 184.234 loading class com/sun/javafx/tk/quantum/QuantumRenderer
Event: 184.234 loading class com/sun/javafx/tk/quantum/QuantumRenderer done
Event: 184.234 Thread 0x0000023458f14ca0 Thread exited: 0x0000023458f14ca0
Event: 184.234 loading class com/sun/javafx/tk/quantum/QuantumToolkit
Event: 184.234 loading class com/sun/javafx/tk/quantum/QuantumToolkit done
Event: 184.235 Thread 0x0000023458f14300 Thread exited: 0x0000023458f14300
Event: 184.235 Executing VM operation: Exit
Event: 184.235 Thread 0x000002345754af30 Thread exited: 0x000002345754af30


Dynamic libraries:
0x00007ff6e2060000 - 0x00007ff6e206d000 	C:\Users\Vadim\.jdks\openjdk-15.0.1\bin\java.exe
0x00007ffc6f770000 - 0x00007ffc6f95d000 	C:\Windows\SYSTEM32\ntdll.dll
0x00007ffc6d6e0000 - 0x00007ffc6d793000 	C:\Windows\System32\KERNEL32.DLL
0x00007ffc6c4b0000 - 0x00007ffc6c745000 	C:\Windows\System32\KERNELBASE.dll
0x00007ffc6c7f0000 - 0x00007ffc6c8ea000 	C:\Windows\System32\ucrtbase.dll
0x00007ffc56ec0000 - 0x00007ffc56ed9000 	C:\Users\Vadim\.jdks\openjdk-15.0.1\bin\VCRUNTIME140.dll
0x00007ffc579b0000 - 0x00007ffc579c8000 	C:\Users\Vadim\.jdks\openjdk-15.0.1\bin\jli.dll
0x00007ffc6f570000 - 0x00007ffc6f707000 	C:\Windows\System32\USER32.dll
0x00007ffc6bc80000 - 0x00007ffc6bca0000 	C:\Windows\System32\win32u.dll
0x00007ffc5c710000 - 0x00007ffc5c989000 	C:\Windows\WinSxS\amd64_microsoft.windows.common-controls_6595b64144ccf1df_6.0.17763.1577_none_de7444545348a3d0\COMCTL32.dll
0x00007ffc6f2d0000 - 0x00007ffc6f2f9000 	C:\Windows\System32\GDI32.dll
0x00007ffc6d950000 - 0x00007ffc6d9ee000 	C:\Windows\System32\msvcrt.dll
0x00007ffc6bae0000 - 0x00007ffc6bc7c000 	C:\Windows\System32\gdi32full.dll
0x00007ffc6eef0000 - 0x00007ffc6f21d000 	C:\Windows\System32\combase.dll
0x00007ffc6c8f0000 - 0x00007ffc6c990000 	C:\Windows\System32\msvcp_win.dll
0x00007ffc6cdf0000 - 0x00007ffc6cf12000 	C:\Windows\System32\RPCRT4.dll
0x00007ffc6ba60000 - 0x00007ffc6bade000 	C:\Windows\System32\bcryptPrimitives.dll
0x00007ffc6f710000 - 0x00007ffc6f73e000 	C:\Windows\System32\IMM32.DLL
0x00007ffc5d600000 - 0x00007ffc5d60c000 	C:\Users\Vadim\.jdks\openjdk-15.0.1\bin\vcruntime140_1.dll
0x00007ffc56990000 - 0x00007ffc56a21000 	C:\Users\Vadim\.jdks\openjdk-15.0.1\bin\msvcp140.dll
0x00007ffc2f3a0000 - 0x00007ffc2fefe000 	C:\Users\Vadim\.jdks\openjdk-15.0.1\bin\server\jvm.dll
0x00007ffc6d7a0000 - 0x00007ffc6d843000 	C:\Windows\System32\ADVAPI32.dll
0x00007ffc6f230000 - 0x00007ffc6f2ce000 	C:\Windows\System32\sechost.dll
0x00007ffc6cbd0000 - 0x00007ffc6cbd8000 	C:\Windows\System32\PSAPI.DLL
0x00007ffc67760000 - 0x00007ffc67769000 	C:\Windows\SYSTEM32\WSOCK32.dll
0x00007ffc6d8c0000 - 0x00007ffc6d92d000 	C:\Windows\System32\WS2_32.dll
0x00007ffc61c60000 - 0x00007ffc61c84000 	C:\Windows\SYSTEM32\WINMM.dll
0x00007ffc654d0000 - 0x00007ffc654da000 	C:\Windows\SYSTEM32\VERSION.dll
0x00007ffc61a20000 - 0x00007ffc61a4d000 	C:\Windows\SYSTEM32\WINMMBASE.dll
0x00007ffc6c770000 - 0x00007ffc6c7ba000 	C:\Windows\System32\cfgmgr32.dll
0x00007ffc6b750000 - 0x00007ffc6b761000 	C:\Windows\System32\kernel.appcore.dll
0x00007ffc57de0000 - 0x00007ffc57dea000 	C:\Users\Vadim\.jdks\openjdk-15.0.1\bin\jimage.dll
0x00007ffc69fc0000 - 0x00007ffc6a1ad000 	C:\Windows\SYSTEM32\DBGHELP.DLL
0x00007ffc64e50000 - 0x00007ffc64e7a000 	C:\Windows\SYSTEM32\dbgcore.DLL
0x00007ffc2c5e0000 - 0x00007ffc2c619000 	C:\Users\Vadim\.jdks\openjdk-15.0.1\bin\jdwp.dll
0x00007ffc5fa70000 - 0x00007ffc5fa7e000 	C:\Users\Vadim\.jdks\openjdk-15.0.1\bin\instrument.dll
0x00007ffc56ae0000 - 0x00007ffc56b05000 	C:\Users\Vadim\.jdks\openjdk-15.0.1\bin\java.dll
0x00007ffc6d9f0000 - 0x00007ffc6eee9000 	C:\Windows\System32\SHELL32.dll
0x00007ffc6cd40000 - 0x00007ffc6cde8000 	C:\Windows\System32\shcore.dll
0x00007ffc6bca0000 - 0x00007ffc6c3f3000 	C:\Windows\System32\windows.storage.dll
0x00007ffc6b790000 - 0x00007ffc6b7b4000 	C:\Windows\System32\profapi.dll
0x00007ffc6b7c0000 - 0x00007ffc6b81d000 	C:\Windows\System32\powrprof.dll
0x00007ffc6f510000 - 0x00007ffc6f562000 	C:\Windows\System32\shlwapi.dll
0x00007ffc6c750000 - 0x00007ffc6c767000 	C:\Windows\System32\cryptsp.dll
0x00007ffc56ac0000 - 0x00007ffc56ad9000 	C:\Users\Vadim\.jdks\openjdk-15.0.1\bin\net.dll
0x00007ffc636d0000 - 0x00007ffc637c4000 	C:\Windows\SYSTEM32\WINHTTP.dll
0x00007ffc6afc0000 - 0x00007ffc6b027000 	C:\Windows\system32\mswsock.dll
0x00007ffc56970000 - 0x00007ffc56982000 	C:\Users\Vadim\.jdks\openjdk-15.0.1\bin\nio.dll
0x00007ffc56900000 - 0x00007ffc56918000 	C:\Users\Vadim\.jdks\openjdk-15.0.1\bin\zip.dll
0x00007ffc57af0000 - 0x00007ffc57afb000 	C:\Users\Vadim\.jdks\openjdk-15.0.1\bin\dt_socket.dll
0x00007ffc6ace0000 - 0x00007ffc6ad1d000 	C:\Windows\SYSTEM32\IPHLPAPI.DLL
0x00000234339a0000 - 0x00000234339a3000 	C:\Users\Vadim\Downloads\javafx-sdk-15.0.1\bin\api-ms-win-core-console-l1-1-0.dll
0x00000234339b0000 - 0x00000234339b3000 	C:\Users\Vadim\Downloads\javafx-sdk-15.0.1\bin\api-ms-win-core-console-l1-2-0.dll
0x00000234339c0000 - 0x00000234339c3000 	C:\Users\Vadim\Downloads\javafx-sdk-15.0.1\bin\api-ms-win-core-datetime-l1-1-0.dll
0x00000234339d0000 - 0x00000234339d3000 	C:\Users\Vadim\Downloads\javafx-sdk-15.0.1\bin\api-ms-win-core-debug-l1-1-0.dll
0x0000023459200000 - 0x0000023459203000 	C:\Users\Vadim\Downloads\javafx-sdk-15.0.1\bin\api-ms-win-core-errorhandling-l1-1-0.dll
0x0000023459210000 - 0x0000023459214000 	C:\Users\Vadim\Downloads\javafx-sdk-15.0.1\bin\api-ms-win-core-file-l1-1-0.dll
0x0000023459220000 - 0x0000023459223000 	C:\Users\Vadim\Downloads\javafx-sdk-15.0.1\bin\api-ms-win-core-file-l1-2-0.dll
0x0000023459230000 - 0x0000023459233000 	C:\Users\Vadim\Downloads\javafx-sdk-15.0.1\bin\api-ms-win-core-file-l2-1-0.dll
0x0000023459240000 - 0x0000023459243000 	C:\Users\Vadim\Downloads\javafx-sdk-15.0.1\bin\api-ms-win-core-handle-l1-1-0.dll
0x0000023459250000 - 0x0000023459253000 	C:\Users\Vadim\Downloads\javafx-sdk-15.0.1\bin\api-ms-win-core-heap-l1-1-0.dll
0x0000023459600000 - 0x0000023459603000 	C:\Users\Vadim\Downloads\javafx-sdk-15.0.1\bin\api-ms-win-core-interlocked-l1-1-0.dll
0x0000023459610000 - 0x0000023459613000 	C:\Users\Vadim\Downloads\javafx-sdk-15.0.1\bin\api-ms-win-core-libraryloader-l1-1-0.dll
0x0000023459620000 - 0x0000023459623000 	C:\Users\Vadim\Downloads\javafx-sdk-15.0.1\bin\api-ms-win-core-localization-l1-2-0.dll
0x0000023459630000 - 0x0000023459633000 	C:\Users\Vadim\Downloads\javafx-sdk-15.0.1\bin\api-ms-win-core-memory-l1-1-0.dll
0x0000023459640000 - 0x0000023459643000 	C:\Users\Vadim\Downloads\javafx-sdk-15.0.1\bin\api-ms-win-core-namedpipe-l1-1-0.dll
0x0000023459650000 - 0x0000023459653000 	C:\Users\Vadim\Downloads\javafx-sdk-15.0.1\bin\api-ms-win-core-processenvironment-l1-1-0.dll
0x0000023459660000 - 0x0000023459663000 	C:\Users\Vadim\Downloads\javafx-sdk-15.0.1\bin\api-ms-win-core-processthreads-l1-1-0.dll
0x0000023459670000 - 0x0000023459673000 	C:\Users\Vadim\Downloads\javafx-sdk-15.0.1\bin\api-ms-win-core-processthreads-l1-1-1.dll
0x0000023459680000 - 0x0000023459683000 	C:\Users\Vadim\Downloads\javafx-sdk-15.0.1\bin\api-ms-win-core-profile-l1-1-0.dll
0x0000023459690000 - 0x0000023459693000 	C:\Users\Vadim\Downloads\javafx-sdk-15.0.1\bin\api-ms-win-core-rtlsupport-l1-1-0.dll
0x00000234596a0000 - 0x00000234596a3000 	C:\Users\Vadim\Downloads\javafx-sdk-15.0.1\bin\api-ms-win-core-string-l1-1-0.dll
0x00000234596b0000 - 0x00000234596b3000 	C:\Users\Vadim\Downloads\javafx-sdk-15.0.1\bin\api-ms-win-core-synch-l1-1-0.dll
0x00000234596c0000 - 0x00000234596c3000 	C:\Users\Vadim\Downloads\javafx-sdk-15.0.1\bin\api-ms-win-core-synch-l1-2-0.dll
0x0000023459260000 - 0x0000023459263000 	C:\Users\Vadim\Downloads\javafx-sdk-15.0.1\bin\api-ms-win-core-sysinfo-l1-1-0.dll
0x0000023459270000 - 0x0000023459273000 	C:\Users\Vadim\Downloads\javafx-sdk-15.0.1\bin\api-ms-win-core-timezone-l1-1-0.dll
0x0000023459280000 - 0x0000023459283000 	C:\Users\Vadim\Downloads\javafx-sdk-15.0.1\bin\api-ms-win-core-util-l1-1-0.dll
0x0000023459290000 - 0x0000023459293000 	C:\Users\Vadim\Downloads\javafx-sdk-15.0.1\bin\api-ms-win-crt-conio-l1-1-0.dll
0x00000234592a0000 - 0x00000234592a4000 	C:\Users\Vadim\Downloads\javafx-sdk-15.0.1\bin\api-ms-win-crt-convert-l1-1-0.dll
0x00000234592b0000 - 0x00000234592b3000 	C:\Users\Vadim\Downloads\javafx-sdk-15.0.1\bin\api-ms-win-crt-environment-l1-1-0.dll
0x00000234592c0000 - 0x00000234592c3000 	C:\Users\Vadim\Downloads\javafx-sdk-15.0.1\bin\api-ms-win-crt-filesystem-l1-1-0.dll
0x00000234592d0000 - 0x00000234592d3000 	C:\Users\Vadim\Downloads\javafx-sdk-15.0.1\bin\api-ms-win-crt-heap-l1-1-0.dll
0x00000234592e0000 - 0x00000234592e3000 	C:\Users\Vadim\Downloads\javafx-sdk-15.0.1\bin\api-ms-win-crt-locale-l1-1-0.dll
0x00000234592f0000 - 0x00000234592f5000 	C:\Users\Vadim\Downloads\javafx-sdk-15.0.1\bin\api-ms-win-crt-math-l1-1-0.dll
0x0000023459300000 - 0x0000023459305000 	C:\Users\Vadim\Downloads\javafx-sdk-15.0.1\bin\api-ms-win-crt-multibyte-l1-1-0.dll
0x0000023459310000 - 0x0000023459320000 	C:\Users\Vadim\Downloads\javafx-sdk-15.0.1\bin\api-ms-win-crt-private-l1-1-0.dll
0x0000023459320000 - 0x0000023459323000 	C:\Users\Vadim\Downloads\javafx-sdk-15.0.1\bin\api-ms-win-crt-process-l1-1-0.dll
0x0000023459330000 - 0x0000023459334000 	C:\Users\Vadim\Downloads\javafx-sdk-15.0.1\bin\api-ms-win-crt-runtime-l1-1-0.dll
0x0000023459340000 - 0x0000023459344000 	C:\Users\Vadim\Downloads\javafx-sdk-15.0.1\bin\api-ms-win-crt-stdio-l1-1-0.dll
0x0000023459350000 - 0x0000023459354000 	C:\Users\Vadim\Downloads\javafx-sdk-15.0.1\bin\api-ms-win-crt-string-l1-1-0.dll
0x0000023459360000 - 0x0000023459363000 	C:\Users\Vadim\Downloads\javafx-sdk-15.0.1\bin\api-ms-win-crt-time-l1-1-0.dll
0x0000023459370000 - 0x0000023459373000 	C:\Users\Vadim\Downloads\javafx-sdk-15.0.1\bin\api-ms-win-crt-utility-l1-1-0.dll
0x00007ffc0b170000 - 0x00007ffc0b26c000 	C:\Users\Vadim\Downloads\javafx-sdk-15.0.1\bin\ucrtbase.dll
0x00007ffc3ae90000 - 0x00007ffc3aea5000 	C:\Users\Vadim\Downloads\javafx-sdk-15.0.1\bin\vcruntime140.dll
0x00007ffc094d0000 - 0x00007ffc0956b000 	C:\Users\Vadim\Downloads\javafx-sdk-15.0.1\bin\msvcp140.dll
0x00007ffc375f0000 - 0x00007ffc37613000 	C:\Users\Vadim\Downloads\javafx-sdk-15.0.1\bin\prism_d3d.dll
0x00007ffc60220000 - 0x00007ffc603be000 	C:\Windows\system32\d3d9.dll
0x00007ffc69cd0000 - 0x00007ffc69cfe000 	C:\Windows\SYSTEM32\dwmapi.dll
0x00007ffc6b820000 - 0x00007ffc6b9fc000 	C:\Windows\System32\CRYPT32.dll
0x00007ffc6b770000 - 0x00007ffc6b782000 	C:\Windows\System32\MSASN1.dll
0x00007ffc69550000 - 0x00007ffc695ec000 	C:\Windows\system32\uxtheme.dll
0x00007ffc6cbe0000 - 0x00007ffc6cd36000 	C:\Windows\System32\ole32.dll
0x00007ffc6cb00000 - 0x00007ffc6cbc4000 	C:\Windows\System32\OLEAUT32.dll
0x00007ffc27500000 - 0x00007ffc27545000 	C:\Users\Vadim\Downloads\javafx-sdk-15.0.1\bin\glass.dll
0x00007ffc6d000000 - 0x00007ffc6d127000 	C:\Windows\System32\COMDLG32.dll
0x00007ffc5fac0000 - 0x00007ffc5fad0000 	C:\Users\Vadim\.jdks\openjdk-15.0.1\bin\verify.dll
0x00007ffc6c990000 - 0x00007ffc6cafb000 	C:\Windows\System32\MSCTF.dll
0x00007ffc3a800000 - 0x00007ffc3a814000 	C:\Users\Vadim\Downloads\javafx-sdk-15.0.1\bin\javafx_font.dll
0x00007ffc51d50000 - 0x00007ffc5204c000 	C:\Windows\SYSTEM32\dwrite.dll
0x00007ffc6d630000 - 0x00007ffc6d6d2000 	C:\Windows\System32\clbcatq.dll
0x00007ffc572b0000 - 0x00007ffc57468000 	C:\Windows\SYSTEM32\WindowsCodecs.dll
0x00007ffc509f0000 - 0x00007ffc50a46000 	C:\Windows\system32\dataexchange.dll
0x00007ffc68850000 - 0x00007ffc68a14000 	C:\Windows\system32\dcomp.dll
0x00007ffc67fc0000 - 0x00007ffc6823e000 	C:\Windows\system32\d3d11.dll
0x00007ffc6a540000 - 0x00007ffc6a602000 	C:\Windows\system32\dxgi.dll
0x00007ffc69a60000 - 0x00007ffc69c74000 	C:\Windows\system32\twinapi.appcore.dll
0x00007ffc69c80000 - 0x00007ffc69ca8000 	C:\Windows\system32\RMCLIENT.dll
0x00007ffc1bc10000 - 0x00007ffc1bc43000 	C:\Program Files\Common Files\Microsoft Shared\Ink\rtscom.dll
0x00007ffc600c0000 - 0x00007ffc60155000 	C:\Windows\System32\TextInputFramework.dll
0x00007ffc57470000 - 0x00007ffc57792000 	C:\Windows\System32\CoreUIComponents.dll
0x00007ffc68d80000 - 0x00007ffc68e62000 	C:\Windows\System32\CoreMessaging.dll
0x00007ffc6a7c0000 - 0x00007ffc6a7f1000 	C:\Windows\SYSTEM32\ntmarta.dll
0x00007ffc67510000 - 0x00007ffc67663000 	C:\Windows\SYSTEM32\wintypes.dll

dbghelp: loaded successfully - version: 4.0.5 - missing functions: none
symbol engine: initialized successfully - sym options: 0x614 - pdb path: .;C:\Users\Vadim\.jdks\openjdk-15.0.1\bin;C:\Windows\SYSTEM32;C:\Windows\WinSxS\amd64_microsoft.windows.common-controls_6595b64144ccf1df_6.0.17763.1577_none_de7444545348a3d0;C:\Users\Vadim\.jdks\openjdk-15.0.1\bin\server;C:\Users\Vadim\Downloads\javafx-sdk-15.0.1\bin;C:\Windows\System32\DriverStore\FileRepository\igdlh64.inf_amd64_28d80681d3523b1c;C:\Program Files\Common Files\Microsoft Shared\Ink

VM Arguments:
jvm_args: -agentlib:jdwp=transport=dt_socket,address=127.0.0.1:57667,suspend=y,server=n --module-path=C:\Users\Vadim\Downloads\javafx-sdk-15.0.1\lib --add-modules=javafx.controls,javafx.fxml --add-exports=javafx.graphics/com.sun.javafx.sg.prism=ALL-UNNAMED --add-modules=javafx.base,javafx.graphics --add-reads=javafx.base=ALL-UNNAMED --add-reads=javafx.graphics=ALL-UNNAMED -javaagent:C:\Users\Vadim\AppData\Local\JetBrains\IntelliJIdea2020.2\captureAgent\debugger-agent.jar -Dfile.encoding=UTF-8 
java_command: sample.Main
java_class_path (initial): D:\5\\client\out\production\client;C:\Users\Vadim\Downloads\javafx-sdk-15.0.1\lib\src.zip;C:\Users\Vadim\Downloads\javafx-sdk-15.0.1\lib\javafx-swt.jar;C:\Users\Vadim\Downloads\javafx-sdk-15.0.1\lib\javafx.web.jar;C:\Users\Vadim\Downloads\javafx-sdk-15.0.1\lib\javafx.base.jar;C:\Users\Vadim\Downloads\javafx-sdk-15.0.1\lib\javafx.fxml.jar;C:\Users\Vadim\Downloads\javafx-sdk-15.0.1\lib\javafx.media.jar;C:\Users\Vadim\Downloads\javafx-sdk-15.0.1\lib\javafx.swing.jar;C:\Users\Vadim\Downloads\javafx-sdk-15.0.1\lib\javafx.controls.jar;C:\Users\Vadim\Downloads\javafx-sdk-15.0.1\lib\javafx.graphics.jar;C:\Users\Vadim\Downloads\openjfx-15.0.1_windows-x64_bin-sdk.zip;C:\Program Files\JetBrains\IntelliJ IDEA 2020.2.2\lib\idea_rt.jar
Launcher Type: SUN_STANDARD

[Global flags]
     intx CICompilerCount                          = 4                                         {product} {ergonomic}
     uint ConcGCThreads                            = 3                                         {product} {ergonomic}
     uint G1ConcRefinementThreads                  = 10                                        {product} {ergonomic}
   size_t G1HeapRegionSize                         = 2097152                                   {product} {ergonomic}
    uintx GCDrainStackTargetSize                   = 64                                        {product} {ergonomic}
   size_t InitialHeapSize                          = 199229440                                 {product} {ergonomic}
   size_t MarkStackSize                            = 4194304                                   {product} {ergonomic}
   size_t MaxHeapSize                              = 3183476736                                {product} {ergonomic}
   size_t MaxNewSize                               = 1908408320                                {product} {ergonomic}
   size_t MinHeapDeltaBytes                        = 2097152                                   {product} {ergonomic}
   size_t MinHeapSize                              = 8388608                                   {product} {ergonomic}
    uintx NonNMethodCodeHeapSize                   = 5839372                                {pd product} {ergonomic}
    uintx NonProfiledCodeHeapSize                  = 122909434                              {pd product} {ergonomic}
    uintx ProfiledCodeHeapSize                     = 122909434                              {pd product} {ergonomic}
    uintx ReservedCodeCacheSize                    = 251658240                              {pd product} {ergonomic}
     bool SegmentedCodeCache                       = true                                      {product} {ergonomic}
   size_t SoftMaxHeapSize                          = 3183476736                             {manageable} {ergonomic}
     bool UseCompressedClassPointers               = true                                 {lp64_product} {ergonomic}
     bool UseCompressedOops                        = true                                 {lp64_product} {ergonomic}
     bool UseG1GC                                  = true                                      {product} {ergonomic}
     bool UseLargePagesIndividualAllocation        = false                                  {pd product} {ergonomic}

Logging:
Log output configuration:
 #0: stdout all=off uptime,level,tags
 #1: stderr all=off uptime,level,tags

Environment Variables:
PATH=C:\Windows\system32;C:\Windows;C:\Windows\System32\Wbem;C:\Windows\System32\WindowsPowerShell\v1.0\;C:\Windows\System32\OpenSSH\;C:\Program Files\NVIDIA Corporation\NVIDIA NvDLISR;C:\Program Files (x86)\NVIDIA Corporation\PhysX\Common;C:\Program Files (x86)\IncrediBuild;C:\Program Files (x86)\Microsoft SQL Server\Client SDK\ODBC\110\Tools\Binn\;C:\Program Files (x86)\Microsoft SQL Server\120\Tools\Binn\;C:\Program Files (x86)\Microsoft SQL Server\120\DTS\Binn\;C:\Program Files (x86)\Microsoft SQL Server\150\DTS\Binn\;C:\Program Files\Git\cmd;C:\Program Files\Microsoft SQL Server\130\Tools\Binn\;C:\Program Files\Microsoft SQL Server\Client SDK\ODBC\170\Tools\Binn\;C:\Program Files\MySQL\MySQL Shell 8.0\bin\;C:\Users\Vadim\AppData\Local\Microsoft\WindowsApps;
USERNAME=Vadim
OS=Windows_NT
PROCESSOR_IDENTIFIER=Intel64 Family 6 Model 158 Stepping 10, GenuineIntel



---------------  S Y S T E M  ---------------

OS:
 Windows 10 , 64 bit Build 17763 (10.0.17763.475)
OS uptime: 4 days 15:36 hours

CPU: total 12 (initial active 12) (6 cores per cpu, 2 threads per core) family 6 model 158 stepping 10 microcode 0xb4, cmov, cx8, fxsr, mmx, sse, sse2, sse3, ssse3, sse4.1, sse4.2, popcnt, vzeroupper, avx, avx2, aes, clmul, erms, 3dnowpref, lzcnt, ht, tsc, tscinvbit, bmi1, bmi2, adx, fma, clflush, clflushopt

Memory: 4k page, system-wide physical 12142M (3579M free)
TotalPageFile size 17559M (AvailPageFile size 2570M)
current process WorkingSet (physical memory assigned to process): 136M, peak: 163M
current process commit charge ("private bytes"): 332M, peak: 360M

vm_info: OpenJDK 64-Bit Server VM (15.0.1+9-18) for windows-amd64 JRE (15.0.1+9-18), built on Sep 15 2020 14:39:31 by "mach5one" with unknown MS VC++:1925

END.
