#
# A fatal error has been detected by the Java Runtime Environment:
#
#  EXCEPTION_ACCESS_VIOLATION (0xc0000005) at pc=0x00007ffc2cfb66f0, pid=13844, tid=13800
#
# JRE version: OpenJDK Runtime Environment (15.0.1+9) (build 15.0.1+9-18)
# Java VM: OpenJDK 64-Bit Server VM (15.0.1+9-18, mixed mode, sharing, tiered, compressed oops, g1 gc, windows-amd64)
# Problematic frame:
# C  [glass.dll+0x266f0]
#
# No core dump will be written. Minidumps are not enabled by default on client versions of Windows
#
# If you would like to submit a bug report, please visit:
#   https://bugreport.java.com/bugreport/crash.jsp
#

---------------  S U M M A R Y ------------

Command Line: -agentlib:jdwp=transport=dt_socket,address=127.0.0.1:57074,suspend=y,server=n --module-path=C:\Users\Vadim\Downloads\javafx-sdk-15.0.1\lib --add-modules=javafx.controls,javafx.fxml --add-exports=javafx.graphics/com.sun.javafx.sg.prism=ALL-UNNAMED --add-modules=javafx.base,javafx.graphics --add-reads=javafx.base=ALL-UNNAMED --add-reads=javafx.graphics=ALL-UNNAMED -javaagent:C:\Users\Vadim\AppData\Local\JetBrains\IntelliJIdea2020.2\captureAgent\debugger-agent.jar -Dfile.encoding=UTF-8 sample.Main

Host: Intel(R) Core(TM) i7-8750H CPU @ 2.20GHz, 12 cores, 11G,  Windows 10 , 64 bit Build 17763 (10.0.17763.475)
Time: Tue Nov 24 17:10:35 2020 Aaea?onu (ceia) elapsed time: 310.620242 seconds (0d 0h 5m 10s)

---------------  T H R E A D  ---------------

Current thread (0x000001a24b385560):  VMThread "VM Thread" [stack: 0x0000008e23800000,0x0000008e23900000] [id=13800]

Stack: [0x0000008e23800000,0x0000008e23900000],  sp=0x0000008e238fecd0,  free space=1019k
Native frames: (J=compiled Java code, j=interpreted, Vv=VM code, C=native code)
C  [glass.dll+0x266f0]


siginfo: EXCEPTION_ACCESS_VIOLATION (0xc0000005), reading address 0x0000000000000000


Register to memory mapping:

RIP=0x00007ffc2cfb66f0 glass.dll
RAX=0x0 is NULL
RBX=0x000001a24e65fa60 is a global jni handle
RCX=0x000001a24b385560 points into unknown readable memory: 0x00007ffc2fca4238 | 38 42 ca 2f fc 7f 00 00
RDX=0x0000008e238fecd0 points into unknown readable memory: 0x0000000000000000 | 00 00 00 00 00 00 00 00
RSP=0x0000008e238fecd0 points into unknown readable memory: 0x0000000000000000 | 00 00 00 00 00 00 00 00
RBP=0x000001a24c8b5208 points into unknown readable memory: 0x0000c749301130de | de 30 11 30 49 c7 00 00
RSI=0x000001a24c8b51e0 points into unknown readable memory: 0x0b3e0ad230112f21 | 21 2f 11 30 d2 0a 3e 0b
RDI=0x0000c749301130de is an unknown value
R8 =0x0000000000010002 is an unknown value
R9 =0x0000c749301130de is an unknown value
R10=0x000001a227cb0000 points into unknown readable memory: 0x0000000000000000 | 00 00 00 00 00 00 00 00
R11=0x0000008e238febe0 points into unknown readable memory: 0x000001a24d311510 | 10 15 31 4d a2 01 00 00
R12=0x00007ffc2cfb3b84 glass.dll
R13=0x000001a229f57520 points into unknown readable memory: 0x8000000900000001 | 01 00 00 00 09 00 00 80
R14=0x0000008e238fedd8 points into unknown readable memory: 0x0000008e238fedc0 | c0 ed 8f 23 8e 00 00 00
R15=0x000001a24c8b51e0 points into unknown readable memory: 0x0b3e0ad230112f21 | 21 2f 11 30 d2 0a 3e 0b


Registers:
RAX=0x0000000000000000, RBX=0x000001a24e65fa60, RCX=0x000001a24b385560, RDX=0x0000008e238fecd0
RSP=0x0000008e238fecd0, RBP=0x000001a24c8b5208, RSI=0x000001a24c8b51e0, RDI=0x0000c749301130de
R8 =0x0000000000010002, R9 =0x0000c749301130de, R10=0x000001a227cb0000, R11=0x0000008e238febe0
R12=0x00007ffc2cfb3b84, R13=0x000001a229f57520, R14=0x0000008e238fedd8, R15=0x000001a24c8b51e0
RIP=0x00007ffc2cfb66f0, EFLAGS=0x0000000000010202

Top of Stack: (sp=0x0000008e238fecd0)
0x0000008e238fecd0:   0000000000000000 00007ffc6c7fb38b
0x0000008e238fece0:   000001a24c8b51f0 000001a200000000
0x0000008e238fecf0:   fffffffffffffffe 00007ffc2cfca1a0
0x0000008e238fed00:   000001a24c8b51e8 00007ffc6c801cf6
0x0000008e238fed10:   000001a24c8b51f0 000001a200000000
0x0000008e238fed20:   0000000000000000 00007ffc6c7ff114
0x0000008e238fed30:   fffffffffffffffe 0000000000000001
0x0000008e238fed40:   0000000000000001 00007ffc2cf90000
0x0000008e238fed50:   0000008e238fedc8 00007ffc6c801c1b
0x0000008e238fed60:   0000000000000000 0000008e238fedd8
0x0000008e238fed70:   0000008e238ff090 00007ffc6c8dc130
0x0000008e238fed80:   0000000000000000 00007ffc6c801bd4
0x0000008e238fed90:   0000000000000000 0000000000000001
0x0000008e238feda0:   0000000000000000 0000008e238fedc8
0x0000008e238fedb0:   0000000000000000 00007ffc2cfb3a12
0x0000008e238fedc0:   00007ffc2cfcd118 0000008e00000002 

Instructions: (pc=0x00007ffc2cfb66f0)
0x00007ffc2cfb65f0:   8b 4d 60 e8 98 c9 ff ff 48 8b 55 68 48 8b 8d 08
0x00007ffc2cfb6600:   01 00 00 e8 49 be ff ff 33 d2 33 c9 e8 49 de ff
0x00007ffc2cfb6610:   ff 90 cc cc cc cc cc cc cc cc cc cc cc cc cc cc
0x00007ffc2cfb6620:   48 8d 8a 80 00 00 00 e9 14 e9 fe ff 48 89 54 24
0x00007ffc2cfb6630:   10 55 48 83 ec 20 48 8b ea 48 8d 05 dd ca ff ff
0x00007ffc2cfb6640:   48 83 c4 20 5d c3 cc 40 55 48 8b ea 48 8b 01 33
0x00007ffc2cfb6650:   c9 81 38 05 00 00 c0 0f 94 c1 8b c1 5d c3 cc 40
0x00007ffc2cfb6660:   55 48 83 ec 20 48 8b ea 8a 4d 40 48 83 c4 20 5d
0x00007ffc2cfb6670:   e9 df cd ff ff cc 40 55 48 83 ec 20 48 8b ea e8
0x00007ffc2cfb6680:   fc cb ff ff 8a 4d 38 48 83 c4 20 5d e9 c3 cd ff
0x00007ffc2cfb6690:   ff cc 40 55 48 83 ec 30 48 8b ea 48 8b 01 8b 10
0x00007ffc2cfb66a0:   48 89 4c 24 28 89 54 24 20 4c 8d 0d a4 d1 ff ff
0x00007ffc2cfb66b0:   4c 8b 45 70 8b 55 68 48 8b 4d 60 e8 30 cb ff ff
0x00007ffc2cfb66c0:   90 48 83 c4 30 5d c3 cc cc cc cc cc cc cc cc cc
0x00007ffc2cfb66d0:   40 53 48 83 ec 30 48 c7 44 24 20 fe ff ff ff 48
0x00007ffc2cfb66e0:   8b 1d 2a 64 01 00 48 85 db 74 16 e8 90 85 ff ff
0x00007ffc2cfb66f0:   4c 8b 00 48 8b d3 48 8b c8 41 ff 90 b0 00 00 00
0x00007ffc2cfb6700:   90 48 83 c4 30 5b c3 cc cc cc cc cc cc cc cc cc
0x00007ffc2cfb6710:   40 53 48 83 ec 20 48 8b 1d 9b 65 01 00 48 85 db
0x00007ffc2cfb6720:   74 57 b8 ff ff ff ff f0 0f c1 43 10 83 f8 01 75
0x00007ffc2cfb6730:   3d 48 85 db 74 38 48 8b 0b 48 85 c9 74 0d ff 15
0x00007ffc2cfb6740:   64 0b 00 00 48 c7 03 00 00 00 00 48 8b 4b 08 48
0x00007ffc2cfb6750:   85 c9 74 0d e8 37 c8 ff ff 48 c7 43 08 00 00 00
0x00007ffc2cfb6760:   00 ba 18 00 00 00 48 8b cb e8 22 c8 ff ff 48 c7
0x00007ffc2cfb6770:   05 3f 65 01 00 00 00 00 00 48 83 c4 20 5b c3 cc
0x00007ffc2cfb6780:   40 53 48 83 ec 20 48 8b 1d 0b 65 01 00 48 85 db
0x00007ffc2cfb6790:   74 57 b8 ff ff ff ff f0 0f c1 43 10 83 f8 01 75
0x00007ffc2cfb67a0:   3d 48 85 db 74 38 48 8b 0b 48 85 c9 74 0d ff 15
0x00007ffc2cfb67b0:   f4 0a 00 00 48 c7 03 00 00 00 00 48 8b 4b 08 48
0x00007ffc2cfb67c0:   85 c9 74 0d e8 c7 c7 ff ff 48 c7 43 08 00 00 00
0x00007ffc2cfb67d0:   00 ba 18 00 00 00 48 8b cb e8 b2 c7 ff ff 48 c7
0x00007ffc2cfb67e0:   05 af 64 01 00 00 00 00 00 48 83 c4 20 5b c3 cc 


Stack slot to memory mapping:
stack at sp + 0 slots: 0x0 is NULL
stack at sp + 1 slots: 0x00007ffc6c7fb38b ucrtbase.dll
stack at sp + 2 slots: 0x000001a24c8b51f0 points into unknown readable memory: 0x0000c749301130de | de 30 11 30 49 c7 00 00
stack at sp + 3 slots: 0x000001a200000000 is an unknown value
stack at sp + 4 slots: 0xfffffffffffffffe is an unknown value
stack at sp + 5 slots: 0x00007ffc2cfca1a0 glass.dll
stack at sp + 6 slots: 0x000001a24c8b51e8 points into unknown readable memory: 0x0000c749301130de | de 30 11 30 49 c7 00 00
stack at sp + 7 slots: 0x00007ffc6c801cf6 ucrtbase.dll

VM_Operation (0x0000008e22ffea00): Exit, mode: safepoint, requested by thread 0x000001a24c2e22f0


---------------  P R O C E S S  ---------------

Threads class SMR info:
_java_thread_list=0x000001a24beb1f30, length=20, elements={
0x000001a229edb080, 0x000001a24b38ad10, 0x000001a24b38b7f0, 0x000001a24b3a1a00,
0x000001a24b3a43d0, 0x000001a24b3a5da0, 0x000001a24b3a6a90, 0x000001a24b3ac570,
0x000001a24bcbb590, 0x000001a24bdccad0, 0x000001a24bde7aa0, 0x000001a24c8b9060,
0x000001a24c878270, 0x000001a24d5b2e70, 0x000001a24d65e4f0, 0x000001a24e704c20,
0x000001a24c899a60, 0x000001a24c89a8d0, 0x000001a24c898720, 0x000001a24c2e22f0
}

Java Threads: ( => current thread )
  0x000001a229edb080 JavaThread "main" [_thread_blocked, id=10596, stack(0x0000008e23200000,0x0000008e23300000)]
  0x000001a24b38ad10 JavaThread "Reference Handler" daemon [_thread_blocked, id=9756, stack(0x0000008e23900000,0x0000008e23a00000)]
  0x000001a24b38b7f0 JavaThread "Finalizer" daemon [_thread_blocked, id=704, stack(0x0000008e23a00000,0x0000008e23b00000)]
  0x000001a24b3a1a00 JavaThread "Signal Dispatcher" daemon [_thread_blocked, id=3648, stack(0x0000008e23b00000,0x0000008e23c00000)]
  0x000001a24b3a43d0 JavaThread "Attach Listener" daemon [_thread_blocked, id=18116, stack(0x0000008e23c00000,0x0000008e23d00000)]
  0x000001a24b3a5da0 JavaThread "Service Thread" daemon [_thread_blocked, id=4088, stack(0x0000008e23d00000,0x0000008e23e00000)]
  0x000001a24b3a6a90 JavaThread "C2 CompilerThread0" daemon [_thread_blocked, id=16484, stack(0x0000008e23e00000,0x0000008e23f00000)]
  0x000001a24b3ac570 JavaThread "C1 CompilerThread0" daemon [_thread_blocked, id=16976, stack(0x0000008e23f00000,0x0000008e24000000)]
  0x000001a24bcbb590 JavaThread "Sweeper thread" daemon [_thread_blocked, id=1200, stack(0x0000008e24000000,0x0000008e24100000)]
  0x000001a24bdccad0 JavaThread "Common-Cleaner" daemon [_thread_blocked, id=9668, stack(0x0000008e24100000,0x0000008e24200000)]
  0x000001a24bde7aa0 JavaThread "JDWP Event Helper Thread" daemon [_thread_blocked, id=13376, stack(0x0000008e24500000,0x0000008e24600000)]
  0x000001a24c8b9060 JavaThread "Notification Thread" daemon [_thread_blocked, id=15896, stack(0x0000008e24700000,0x0000008e24800000)]
  0x000001a24c878270 JavaThread "QuantumRenderer-0" daemon [_thread_blocked, id=16008, stack(0x0000008e24300000,0x0000008e24400000)]
  0x000001a24d5b2e70 JavaThread "InvokeLaterDispatcher" daemon [_thread_blocked, id=4660, stack(0x0000008e24900000,0x0000008e24a00000)]
  0x000001a24d65e4f0 JavaThread "JavaFX Application Thread" [_thread_in_native, id=14120, stack(0x0000008e24a00000,0x0000008e24b00000)]
  0x000001a24e704c20 JavaThread "JavaFX-Launcher" [_thread_blocked, id=1516, stack(0x0000008e24f00000,0x0000008e25000000)]
  0x000001a24c899a60 JavaThread "Thread-2" daemon [_thread_in_native, id=13220, stack(0x0000008e24e00000,0x0000008e24f00000)]
  0x000001a24c89a8d0 JavaThread "Prism Font Disposer" daemon [_thread_blocked, id=17412, stack(0x0000008e24d00000,0x0000008e24e00000)]
  0x000001a24c898720 JavaThread "Cleaner-0" daemon [_thread_blocked, id=15524, stack(0x0000008e25900000,0x0000008e25a00000)]
  0x000001a24c2e22f0 JavaThread "SIGINT handler" daemon [_thread_blocked, id=6476, stack(0x0000008e22f00000,0x0000008e23000000)]

Other Threads:
=>0x000001a24b385560 VMThread "VM Thread" [stack: 0x0000008e23800000,0x0000008e23900000] [id=13800]
  0x000001a229f1f450 GCTaskThread "GC Thread#0" [stack: 0x0000008e23300000,0x0000008e23400000] [id=16132]
  0x000001a24e6e5320 GCTaskThread "GC Thread#1" [stack: 0x0000008e25000000,0x0000008e25100000] [id=17620]
  0x000001a24e6e6fd0 GCTaskThread "GC Thread#2" [stack: 0x0000008e25100000,0x0000008e25200000] [id=11584]
  0x000001a24e6e5cb0 GCTaskThread "GC Thread#3" [stack: 0x0000008e25200000,0x0000008e25300000] [id=13524]
  0x000001a24e6e8620 GCTaskThread "GC Thread#4" [stack: 0x0000008e25300000,0x0000008e25400000] [id=13392]
  0x000001a24e6e6310 GCTaskThread "GC Thread#5" [stack: 0x0000008e25400000,0x0000008e25500000] [id=16308]
  0x000001a229f2d300 ConcurrentGCThread "G1 Main Marker" [stack: 0x0000008e23400000,0x0000008e23500000] [id=8356]
  0x000001a229f2de00 ConcurrentGCThread "G1 Conc#0" [stack: 0x0000008e23500000,0x0000008e23600000] [id=1196]
  0x000001a24b2124c0 ConcurrentGCThread "G1 Refine#0" [stack: 0x0000008e23600000,0x0000008e23700000] [id=13692]
  0x000001a24b212fd0 ConcurrentGCThread "G1 Young RemSet Sampling" [stack: 0x0000008e23700000,0x0000008e23800000] [id=9888]

Threads with active compile tasks:
C1 CompilerThread0  
[error occurred during error reporting (printing all threads), id 0xc0000005, EXCEPTION_ACCESS_VIOLATION (0xc0000005) at pc=0x00007ffc2faf0253]

VM state: at safepoint (shutting down)

VM Mutex/Monitor currently owned by a thread:  ([mutex/lock_event])
[0x000001a229ed5fa0] Threads_lock - owner thread: 0x000001a24b385560
[0x000001a229ed5610] Heap_lock - owner thread: 0x000001a24c2e22f0

Heap address: 0x0000000742400000, size: 3036 MB, Compressed Oops mode: Zero based, Oop shift amount: 3
CDS archive(s) mapped at: [0x0000000800000000-0x0000000800b50000-0x0000000800b50000), size 11862016, SharedBaseAddress: 0x0000000800000000, ArchiveRelocationMode: 0.
Compressed class space mapped at: 0x0000000800b50000-0x0000000840b50000, size: 1073741824
Narrow klass base: 0x0000000800000000, Narrow klass shift: 3, Narrow klass range: 0x100000000

GC Precious Log:
 CPUs: 12 total, 12 available
 Memory: 12142M
 Large Page Support: Disabled
 NUMA Support: Disabled
 Compressed Oops: Enabled (Zero based)
 Heap Region Size: 2M
 Heap Min Capacity: 8M
 Heap Initial Capacity: 190M
 Heap Max Capacity: 3036M
 Pre-touch: Disabled
 Parallel Workers: 10
 Concurrent Workers: 3
 Concurrent Refinement Workers: 10
 Periodic GC: Disabled

Heap:
 garbage-first heap   total 194560K, used 28672K [0x0000000742400000, 0x0000000800000000)
  region size 2048K, 14 young (28672K), 3 survivors (6144K)
 Metaspace       used 15925K, capacity 16176K, committed 16512K, reserved 1062912K
  class space    used 2232K, capacity 2343K, committed 2432K, reserved 1048576K

Heap Regions: E=young(eden), S=young(survivor), O=old, HS=humongous(starts), HC=humongous(continues), CS=collection set, F=free, OA=open archive, CA=closed archive, TAMS=top-at-mark-start (previous, next)
|   0|0x0000000742400000, 0x0000000742600000, 0x0000000742600000|100%|HS|  |TAMS 0x0000000742400000, 0x0000000742400000| Complete 
|   1|0x0000000742600000, 0x0000000742600000, 0x0000000742800000|  0%| F|  |TAMS 0x0000000742600000, 0x0000000742600000| Untracked 
|   2|0x0000000742800000, 0x0000000742800000, 0x0000000742a00000|  0%| F|  |TAMS 0x0000000742800000, 0x0000000742800000| Untracked 
|   3|0x0000000742a00000, 0x0000000742a00000, 0x0000000742c00000|  0%| F|  |TAMS 0x0000000742a00000, 0x0000000742a00000| Untracked 
|   4|0x0000000742c00000, 0x0000000742c00000, 0x0000000742e00000|  0%| F|  |TAMS 0x0000000742c00000, 0x0000000742c00000| Untracked 
|   5|0x0000000742e00000, 0x0000000742e00000, 0x0000000743000000|  0%| F|  |TAMS 0x0000000742e00000, 0x0000000742e00000| Untracked 
|   6|0x0000000743000000, 0x0000000743000000, 0x0000000743200000|  0%| F|  |TAMS 0x0000000743000000, 0x0000000743000000| Untracked 
|   7|0x0000000743200000, 0x0000000743200000, 0x0000000743400000|  0%| F|  |TAMS 0x0000000743200000, 0x0000000743200000| Untracked 
|   8|0x0000000743400000, 0x0000000743400000, 0x0000000743600000|  0%| F|  |TAMS 0x0000000743400000, 0x0000000743400000| Untracked 
|   9|0x0000000743600000, 0x0000000743600000, 0x0000000743800000|  0%| F|  |TAMS 0x0000000743600000, 0x0000000743600000| Untracked 
|  10|0x0000000743800000, 0x0000000743800000, 0x0000000743a00000|  0%| F|  |TAMS 0x0000000743800000, 0x0000000743800000| Untracked 
|  11|0x0000000743a00000, 0x0000000743a00000, 0x0000000743c00000|  0%| F|  |TAMS 0x0000000743a00000, 0x0000000743a00000| Untracked 
|  12|0x0000000743c00000, 0x0000000743c00000, 0x0000000743e00000|  0%| F|  |TAMS 0x0000000743c00000, 0x0000000743c00000| Untracked 
|  13|0x0000000743e00000, 0x0000000743e00000, 0x0000000744000000|  0%| F|  |TAMS 0x0000000743e00000, 0x0000000743e00000| Untracked 
|  14|0x0000000744000000, 0x0000000744000000, 0x0000000744200000|  0%| F|  |TAMS 0x0000000744000000, 0x0000000744000000| Untracked 
|  15|0x0000000744200000, 0x0000000744200000, 0x0000000744400000|  0%| F|  |TAMS 0x0000000744200000, 0x0000000744200000| Untracked 
|  16|0x0000000744400000, 0x0000000744400000, 0x0000000744600000|  0%| F|  |TAMS 0x0000000744400000, 0x0000000744400000| Untracked 
|  17|0x0000000744600000, 0x0000000744600000, 0x0000000744800000|  0%| F|  |TAMS 0x0000000744600000, 0x0000000744600000| Untracked 
|  18|0x0000000744800000, 0x0000000744800000, 0x0000000744a00000|  0%| F|  |TAMS 0x0000000744800000, 0x0000000744800000| Untracked 
|  19|0x0000000744a00000, 0x0000000744a00000, 0x0000000744c00000|  0%| F|  |TAMS 0x0000000744a00000, 0x0000000744a00000| Untracked 
|  20|0x0000000744c00000, 0x0000000744c00000, 0x0000000744e00000|  0%| F|  |TAMS 0x0000000744c00000, 0x0000000744c00000| Untracked 
|  21|0x0000000744e00000, 0x0000000744e00000, 0x0000000745000000|  0%| F|  |TAMS 0x0000000744e00000, 0x0000000744e00000| Untracked 
|  22|0x0000000745000000, 0x0000000745000000, 0x0000000745200000|  0%| F|  |TAMS 0x0000000745000000, 0x0000000745000000| Untracked 
|  23|0x0000000745200000, 0x0000000745200000, 0x0000000745400000|  0%| F|  |TAMS 0x0000000745200000, 0x0000000745200000| Untracked 
|  24|0x0000000745400000, 0x0000000745400000, 0x0000000745600000|  0%| F|  |TAMS 0x0000000745400000, 0x0000000745400000| Untracked 
|  25|0x0000000745600000, 0x0000000745600000, 0x0000000745800000|  0%| F|  |TAMS 0x0000000745600000, 0x0000000745600000| Untracked 
|  26|0x0000000745800000, 0x0000000745800000, 0x0000000745a00000|  0%| F|  |TAMS 0x0000000745800000, 0x0000000745800000| Untracked 
|  27|0x0000000745a00000, 0x0000000745a00000, 0x0000000745c00000|  0%| F|  |TAMS 0x0000000745a00000, 0x0000000745a00000| Untracked 
|  28|0x0000000745c00000, 0x0000000745c00000, 0x0000000745e00000|  0%| F|  |TAMS 0x0000000745c00000, 0x0000000745c00000| Untracked 
|  29|0x0000000745e00000, 0x0000000745e00000, 0x0000000746000000|  0%| F|  |TAMS 0x0000000745e00000, 0x0000000745e00000| Untracked 
|  30|0x0000000746000000, 0x0000000746000000, 0x0000000746200000|  0%| F|  |TAMS 0x0000000746000000, 0x0000000746000000| Untracked 
|  31|0x0000000746200000, 0x0000000746200000, 0x0000000746400000|  0%| F|  |TAMS 0x0000000746200000, 0x0000000746200000| Untracked 
|  32|0x0000000746400000, 0x0000000746400000, 0x0000000746600000|  0%| F|  |TAMS 0x0000000746400000, 0x0000000746400000| Untracked 
|  33|0x0000000746600000, 0x0000000746600000, 0x0000000746800000|  0%| F|  |TAMS 0x0000000746600000, 0x0000000746600000| Untracked 
|  34|0x0000000746800000, 0x0000000746800000, 0x0000000746a00000|  0%| F|  |TAMS 0x0000000746800000, 0x0000000746800000| Untracked 
|  35|0x0000000746a00000, 0x0000000746a00000, 0x0000000746c00000|  0%| F|  |TAMS 0x0000000746a00000, 0x0000000746a00000| Untracked 
|  36|0x0000000746c00000, 0x0000000746c00000, 0x0000000746e00000|  0%| F|  |TAMS 0x0000000746c00000, 0x0000000746c00000| Untracked 
|  37|0x0000000746e00000, 0x0000000746e00000, 0x0000000747000000|  0%| F|  |TAMS 0x0000000746e00000, 0x0000000746e00000| Untracked 
|  38|0x0000000747000000, 0x0000000747000000, 0x0000000747200000|  0%| F|  |TAMS 0x0000000747000000, 0x0000000747000000| Untracked 
|  39|0x0000000747200000, 0x0000000747200000, 0x0000000747400000|  0%| F|  |TAMS 0x0000000747200000, 0x0000000747200000| Untracked 
|  40|0x0000000747400000, 0x0000000747400000, 0x0000000747600000|  0%| F|  |TAMS 0x0000000747400000, 0x0000000747400000| Untracked 
|  41|0x0000000747600000, 0x0000000747600000, 0x0000000747800000|  0%| F|  |TAMS 0x0000000747600000, 0x0000000747600000| Untracked 
|  42|0x0000000747800000, 0x0000000747800000, 0x0000000747a00000|  0%| F|  |TAMS 0x0000000747800000, 0x0000000747800000| Untracked 
|  43|0x0000000747a00000, 0x0000000747a00000, 0x0000000747c00000|  0%| F|  |TAMS 0x0000000747a00000, 0x0000000747a00000| Untracked 
|  44|0x0000000747c00000, 0x0000000747c00000, 0x0000000747e00000|  0%| F|  |TAMS 0x0000000747c00000, 0x0000000747c00000| Untracked 
|  45|0x0000000747e00000, 0x0000000747e00000, 0x0000000748000000|  0%| F|  |TAMS 0x0000000747e00000, 0x0000000747e00000| Untracked 
|  46|0x0000000748000000, 0x0000000748000000, 0x0000000748200000|  0%| F|  |TAMS 0x0000000748000000, 0x0000000748000000| Untracked 
|  47|0x0000000748200000, 0x0000000748200000, 0x0000000748400000|  0%| F|  |TAMS 0x0000000748200000, 0x0000000748200000| Untracked 
|  48|0x0000000748400000, 0x0000000748400000, 0x0000000748600000|  0%| F|  |TAMS 0x0000000748400000, 0x0000000748400000| Untracked 
|  49|0x0000000748600000, 0x0000000748600000, 0x0000000748800000|  0%| F|  |TAMS 0x0000000748600000, 0x0000000748600000| Untracked 
|  50|0x0000000748800000, 0x0000000748800000, 0x0000000748a00000|  0%| F|  |TAMS 0x0000000748800000, 0x0000000748800000| Untracked 
|  51|0x0000000748a00000, 0x0000000748a00000, 0x0000000748c00000|  0%| F|  |TAMS 0x0000000748a00000, 0x0000000748a00000| Untracked 
|  52|0x0000000748c00000, 0x0000000748c00000, 0x0000000748e00000|  0%| F|  |TAMS 0x0000000748c00000, 0x0000000748c00000| Untracked 
|  53|0x0000000748e00000, 0x0000000748e00000, 0x0000000749000000|  0%| F|  |TAMS 0x0000000748e00000, 0x0000000748e00000| Untracked 
|  54|0x0000000749000000, 0x0000000749000000, 0x0000000749200000|  0%| F|  |TAMS 0x0000000749000000, 0x0000000749000000| Untracked 
|  55|0x0000000749200000, 0x0000000749200000, 0x0000000749400000|  0%| F|  |TAMS 0x0000000749200000, 0x0000000749200000| Untracked 
|  56|0x0000000749400000, 0x0000000749400000, 0x0000000749600000|  0%| F|  |TAMS 0x0000000749400000, 0x0000000749400000| Untracked 
|  57|0x0000000749600000, 0x0000000749600000, 0x0000000749800000|  0%| F|  |TAMS 0x0000000749600000, 0x0000000749600000| Untracked 
|  58|0x0000000749800000, 0x0000000749800000, 0x0000000749a00000|  0%| F|  |TAMS 0x0000000749800000, 0x0000000749800000| Untracked 
|  59|0x0000000749a00000, 0x0000000749a00000, 0x0000000749c00000|  0%| F|  |TAMS 0x0000000749a00000, 0x0000000749a00000| Untracked 
|  60|0x0000000749c00000, 0x0000000749c00000, 0x0000000749e00000|  0%| F|  |TAMS 0x0000000749c00000, 0x0000000749c00000| Untracked 
|  61|0x0000000749e00000, 0x0000000749e00000, 0x000000074a000000|  0%| F|  |TAMS 0x0000000749e00000, 0x0000000749e00000| Untracked 
|  62|0x000000074a000000, 0x000000074a000000, 0x000000074a200000|  0%| F|  |TAMS 0x000000074a000000, 0x000000074a000000| Untracked 
|  63|0x000000074a200000, 0x000000074a200000, 0x000000074a400000|  0%| F|  |TAMS 0x000000074a200000, 0x000000074a200000| Untracked 
|  64|0x000000074a400000, 0x000000074a400000, 0x000000074a600000|  0%| F|  |TAMS 0x000000074a400000, 0x000000074a400000| Untracked 
|  65|0x000000074a600000, 0x000000074a600000, 0x000000074a800000|  0%| F|  |TAMS 0x000000074a600000, 0x000000074a600000| Untracked 
|  66|0x000000074a800000, 0x000000074a800000, 0x000000074aa00000|  0%| F|  |TAMS 0x000000074a800000, 0x000000074a800000| Untracked 
|  67|0x000000074aa00000, 0x000000074aa00000, 0x000000074ac00000|  0%| F|  |TAMS 0x000000074aa00000, 0x000000074aa00000| Untracked 
|  68|0x000000074ac00000, 0x000000074ac00000, 0x000000074ae00000|  0%| F|  |TAMS 0x000000074ac00000, 0x000000074ac00000| Untracked 
|  69|0x000000074ae00000, 0x000000074ae00000, 0x000000074b000000|  0%| F|  |TAMS 0x000000074ae00000, 0x000000074ae00000| Untracked 
|  70|0x000000074b000000, 0x000000074b000000, 0x000000074b200000|  0%| F|  |TAMS 0x000000074b000000, 0x000000074b000000| Untracked 
|  71|0x000000074b200000, 0x000000074b200000, 0x000000074b400000|  0%| F|  |TAMS 0x000000074b200000, 0x000000074b200000| Untracked 
|  72|0x000000074b400000, 0x000000074b400000, 0x000000074b600000|  0%| F|  |TAMS 0x000000074b400000, 0x000000074b400000| Untracked 
|  73|0x000000074b600000, 0x000000074b600000, 0x000000074b800000|  0%| F|  |TAMS 0x000000074b600000, 0x000000074b600000| Untracked 
|  74|0x000000074b800000, 0x000000074ba00000, 0x000000074ba00000|100%| S|CS|TAMS 0x000000074b800000, 0x000000074b800000| Complete 
|  75|0x000000074ba00000, 0x000000074bc00000, 0x000000074bc00000|100%| S|CS|TAMS 0x000000074ba00000, 0x000000074ba00000| Complete 
|  76|0x000000074bc00000, 0x000000074be00000, 0x000000074be00000|100%| S|CS|TAMS 0x000000074bc00000, 0x000000074bc00000| Complete 
|  77|0x000000074be00000, 0x000000074be00000, 0x000000074c000000|  0%| F|  |TAMS 0x000000074be00000, 0x000000074be00000| Untracked 
|  78|0x000000074c000000, 0x000000074c000000, 0x000000074c200000|  0%| F|  |TAMS 0x000000074c000000, 0x000000074c000000| Untracked 
|  79|0x000000074c200000, 0x000000074c200000, 0x000000074c400000|  0%| F|  |TAMS 0x000000074c200000, 0x000000074c200000| Untracked 
|  80|0x000000074c400000, 0x000000074c400000, 0x000000074c600000|  0%| F|  |TAMS 0x000000074c400000, 0x000000074c400000| Untracked 
|  81|0x000000074c600000, 0x000000074c600000, 0x000000074c800000|  0%| F|  |TAMS 0x000000074c600000, 0x000000074c600000| Untracked 
|  82|0x000000074c800000, 0x000000074c800000, 0x000000074ca00000|  0%| F|  |TAMS 0x000000074c800000, 0x000000074c800000| Untracked 
|  83|0x000000074ca00000, 0x000000074ca00000, 0x000000074cc00000|  0%| F|  |TAMS 0x000000074ca00000, 0x000000074ca00000| Untracked 
|  84|0x000000074cc00000, 0x000000074ce00000, 0x000000074ce00000|100%| E|  |TAMS 0x000000074cc00000, 0x000000074cc00000| Complete 
|  85|0x000000074ce00000, 0x000000074d000000, 0x000000074d000000|100%| E|CS|TAMS 0x000000074ce00000, 0x000000074ce00000| Complete 
|  86|0x000000074d000000, 0x000000074d200000, 0x000000074d200000|100%| E|CS|TAMS 0x000000074d000000, 0x000000074d000000| Complete 
|  87|0x000000074d200000, 0x000000074d400000, 0x000000074d400000|100%| E|CS|TAMS 0x000000074d200000, 0x000000074d200000| Complete 
|  88|0x000000074d400000, 0x000000074d600000, 0x000000074d600000|100%| E|CS|TAMS 0x000000074d400000, 0x000000074d400000| Complete 
|  89|0x000000074d600000, 0x000000074d800000, 0x000000074d800000|100%| E|CS|TAMS 0x000000074d600000, 0x000000074d600000| Complete 
|  90|0x000000074d800000, 0x000000074da00000, 0x000000074da00000|100%| E|CS|TAMS 0x000000074d800000, 0x000000074d800000| Complete 
|  91|0x000000074da00000, 0x000000074dc00000, 0x000000074dc00000|100%| E|CS|TAMS 0x000000074da00000, 0x000000074da00000| Complete 
|  92|0x000000074dc00000, 0x000000074de00000, 0x000000074de00000|100%| E|CS|TAMS 0x000000074dc00000, 0x000000074dc00000| Complete 
|  93|0x000000074de00000, 0x000000074e000000, 0x000000074e000000|100%| E|CS|TAMS 0x000000074de00000, 0x000000074de00000| Complete 
|  94|0x000000074e000000, 0x000000074e200000, 0x000000074e200000|100%| E|CS|TAMS 0x000000074e000000, 0x000000074e000000| Complete 

Card table byte_map: [0x000001a241c30000,0x000001a242220000] _byte_map_base: 0x000001a23e21e000

Marking Bits (Prev, Next): (CMBitMap*) 0x000001a229f1fbd0, (CMBitMap*) 0x000001a229f1fc10
 Prev Bits: [0x000001a242810000, 0x000001a245780000)
 Next Bits: [0x000001a245780000, 0x000001a2486f0000)

Polling page: 0x000001a227ca0000

Metaspace:

Usage:
  Non-class:     13.51 MB capacity,    13.37 MB ( 99%) used,   114.16 KB ( <1%) free+waste,    25.50 KB ( <1%) overhead. 
      Class:      2.29 MB capacity,     2.18 MB ( 95%) used,    99.15 KB (  4%) free+waste,    11.38 KB ( <1%) overhead. 
       Both:     15.80 MB capacity,    15.55 MB ( 98%) used,   213.30 KB (  1%) free+waste,    36.88 KB ( <1%) overhead. 

Virtual space:
  Non-class space:       14.00 MB reserved,      13.75 MB ( 98%) committed 
      Class space:        1.00 GB reserved,       2.38 MB ( <1%) committed 
             Both:        1.01 GB reserved,      16.13 MB (  2%) committed 

Chunk freelists:
   Non-Class:  3.00 KB
       Class:  25.00 KB
        Both:  28.00 KB

MaxMetaspaceSize: 17179869184.00 GB
CompressedClassSpaceSize: 1.00 GB

CodeHeap 'non-profiled nmethods': size=120000Kb used=917Kb max_used=917Kb free=119083Kb
 bounds [0x000001a239bc0000, 0x000001a239e30000, 0x000001a2410f0000]
CodeHeap 'profiled nmethods': size=120000Kb used=3267Kb max_used=3267Kb free=116732Kb
 bounds [0x000001a232690000, 0x000001a2329d0000, 0x000001a239bc0000]
CodeHeap 'non-nmethods': size=5760Kb used=1517Kb max_used=1572Kb free=4243Kb
 bounds [0x000001a2320f0000, 0x000001a232360000, 0x000001a232690000]
 total_blobs=2665 nmethods=1902 adapters=675
 compilation: enabled
              stopped_count=0, restarted_count=0
 full_count=0

Compilation events (20 events):
Event: 170.588 Thread 0x000001a24b3ac570 1895       3       com.sun.marlin.DCurve::set (153 bytes)
Event: 170.589 Thread 0x000001a24b3ac570 nmethod 1895 0x000001a2329bbd90 code [0x000001a2329bbfa0, 0x000001a2329bc138]
Event: 170.589 Thread 0x000001a24b3ac570 1893       1       com.sun.prism.impl.BaseGraphics::setRenderRoot (6 bytes)
Event: 170.589 Thread 0x000001a24b3ac570 nmethod 1893 0x000001a239ca4e10 code [0x000001a239ca4fa0, 0x000001a239ca50b8]
Event: 209.205 Thread 0x000001a24b3ac570 1896       3       jdk.internal.misc.InnocuousThread::eraseThreadLocals (23 bytes)
Event: 209.206 Thread 0x000001a24b3ac570 nmethod 1896 0x000001a2329bc210 code [0x000001a2329bc3a0, 0x000001a2329bc598]
Event: 283.709 Thread 0x000001a24b3ac570 1897       3       com.sun.javafx.sg.prism.NGRegion::renderContent (115 bytes)
Event: 283.709 Thread 0x000001a24b3ac570 nmethod 1897 0x000001a2329bc610 code [0x000001a2329bc8c0, 0x000001a2329bd938]
Event: 283.709 Thread 0x000001a24b3ac570 1898       3       com.sun.javafx.sg.prism.NGRegion::renderAsRectangle (31 bytes)
Event: 283.710 Thread 0x000001a24b3ac570 nmethod 1898 0x000001a2329bdd90 code [0x000001a2329bdfa0, 0x000001a2329be718]
Event: 283.710 Thread 0x000001a24b3ac570 1899       3       com.sun.prism.impl.BaseGraphics::fill (137 bytes)
Event: 283.710 Thread 0x000001a24b3ac570 nmethod 1899 0x000001a2329be990 code [0x000001a2329beb60, 0x000001a2329bf118]
Event: 283.710 Thread 0x000001a24b3ac570 1900       3       com.sun.javafx.geom.transform.Identity::transform (24 bytes)
Event: 283.710 Thread 0x000001a24b3ac570 nmethod 1900 0x000001a2329bf310 code [0x000001a2329bf4c0, 0x000001a2329bf708]
Event: 310.243 Thread 0x000001a24b3ac570 1901       1       java.util.concurrent.CopyOnWriteArrayList::getArray (5 bytes)
Event: 310.243 Thread 0x000001a24b3ac570 nmethod 1901 0x000001a239ca5110 code [0x000001a239ca52a0, 0x000001a239ca5358]
Event: 310.243 Thread 0x000001a24b3ac570 1902       3       sun.invoke.util.BytecodeDescriptor::unparseMethod (66 bytes)
Event: 310.243 Thread 0x000001a24b3ac570 nmethod 1902 0x000001a2329bf810 code [0x000001a2329bfa40, 0x000001a2329c00c8]
Event: 310.243 Thread 0x000001a24b3ac570 1903       3       jdk.internal.org.objectweb.asm.Handler::putExceptionTable (63 bytes)
Event: 310.244 Thread 0x000001a24b3ac570 nmethod 1903 0x000001a2329c0390 code [0x000001a2329c05a0, 0x000001a2329c09e8]

GC Heap History (4 events):
Event: 0.559 GC heap before
{Heap before GC invocations=0 (full 0):
 garbage-first heap   total 194560K, used 20480K [0x0000000742400000, 0x0000000800000000)
  region size 2048K, 11 young (22528K), 0 survivors (0K)
 Metaspace       used 4597K, capacity 7434K, committed 7552K, reserved 1056768K
  class space    used 525K, capacity 794K, committed 896K, reserved 1048576K
}
Event: 0.563 GC heap after
{Heap after GC invocations=1 (full 0):
 garbage-first heap   total 194560K, used 3070K [0x0000000742400000, 0x0000000800000000)
  region size 2048K, 2 young (4096K), 2 survivors (4096K)
 Metaspace       used 4597K, capacity 7434K, committed 7552K, reserved 1056768K
  class space    used 525K, capacity 794K, committed 896K, reserved 1048576K
}
Event: 86.016 GC heap before
{Heap before GC invocations=1 (full 0):
 garbage-first heap   total 194560K, used 35838K [0x0000000742400000, 0x0000000800000000)
  region size 2048K, 18 young (36864K), 2 survivors (4096K)
 Metaspace       used 12600K, capacity 13384K, committed 13696K, reserved 1060864K
  class space    used 1749K, capacity 1814K, committed 1920K, reserved 1048576K
}
Event: 86.020 GC heap after
{Heap after GC invocations=2 (full 0):
 garbage-first heap   total 194560K, used 6144K [0x0000000742400000, 0x0000000800000000)
  region size 2048K, 3 young (6144K), 3 survivors (6144K)
 Metaspace       used 12600K, capacity 13384K, committed 13696K, reserved 1060864K
  class space    used 1749K, capacity 1814K, committed 1920K, reserved 1048576K
}

Deoptimization events (20 events):
Event: 155.391 Thread 0x000001a24c878270 DEOPT PACKING pc=0x000001a239c0b8a8 sp=0x0000008e243ff040
Event: 155.391 Thread 0x000001a24c878270 DEOPT UNPACKING pc=0x000001a23213e42f sp=0x0000008e243ff020 mode 2
Event: 155.393 Thread 0x000001a24c878270 DEOPT PACKING pc=0x000001a232921025 sp=0x0000008e243fe030
Event: 155.393 Thread 0x000001a24c878270 DEOPT UNPACKING pc=0x000001a23213e23f sp=0x0000008e243fd508 mode 0
Event: 156.124 Thread 0x000001a24c878270 DEOPT PACKING pc=0x000001a232921025 sp=0x0000008e243fe030
Event: 156.124 Thread 0x000001a24c878270 DEOPT UNPACKING pc=0x000001a23213e23f sp=0x0000008e243fd508 mode 0
Event: 156.125 Thread 0x000001a24c878270 DEOPT PACKING pc=0x000001a2328f0c80 sp=0x0000008e243fe230
Event: 156.125 Thread 0x000001a24c878270 DEOPT UNPACKING pc=0x000001a23213e23f sp=0x0000008e243fd650 mode 0
Event: 156.672 Thread 0x000001a24c878270 DEOPT PACKING pc=0x000001a232921025 sp=0x0000008e243fe020
Event: 156.672 Thread 0x000001a24c878270 DEOPT UNPACKING pc=0x000001a23213e23f sp=0x0000008e243fd4f8 mode 0
Event: 157.074 Thread 0x000001a24c878270 DEOPT PACKING pc=0x000001a2328e583f sp=0x0000008e243fd630
Event: 157.074 Thread 0x000001a24c878270 DEOPT UNPACKING pc=0x000001a23213e23f sp=0x0000008e243fcac0 mode 0
Event: 157.205 Thread 0x000001a24c878270 DEOPT PACKING pc=0x000001a232921025 sp=0x0000008e243fdf80
Event: 157.205 Thread 0x000001a24c878270 DEOPT UNPACKING pc=0x000001a23213e23f sp=0x0000008e243fd458 mode 0
Event: 157.813 Thread 0x000001a24c878270 DEOPT PACKING pc=0x000001a232921025 sp=0x0000008e243fdf80
Event: 157.813 Thread 0x000001a24c878270 DEOPT UNPACKING pc=0x000001a23213e23f sp=0x0000008e243fd458 mode 0
Event: 310.243 Thread 0x000001a24c878270 DEOPT PACKING pc=0x000001a23293345c sp=0x0000008e243ff040
Event: 310.243 Thread 0x000001a24c878270 DEOPT UNPACKING pc=0x000001a23213e23f sp=0x0000008e243fe560 mode 1
Event: 310.243 Thread 0x000001a24c2e6650 DEOPT PACKING pc=0x000001a232869454 sp=0x0000008e230ff4c0
Event: 310.243 Thread 0x000001a24c2e6650 DEOPT UNPACKING pc=0x000001a23213e23f sp=0x0000008e230fe920 mode 1

Classes unloaded (0 events):
No events

Classes redefined (0 events):
No events

Internal exceptions (20 events):
Event: 0.623 Thread 0x000001a24d65e4f0 Exception <a 'java/lang/NoSuchMethodError'{0x000000074dd714f8}: 'void java.lang.invoke.DirectMethodHandle$Holder.invokeSpecial(java.lang.Object, java.lang.Object, java.lang.Object, java.lang.Object, java.lang.Object)'> (0x000000074dd714f8) 
thrown [./open/src/hotspot/share/interpreter/linkResolver.cpp, line 782]
Event: 0.743 Thread 0x000001a24d65e4f0 Exception <a 'java/lang/NoSuchMethodError'{0x000000074d545360}: 'void java.lang.invoke.DirectMethodHandle$Holder.invokeStaticInit(java.lang.Object, java.lang.Object)'> (0x000000074d545360) 
thrown [./open/src/hotspot/share/interpreter/linkResolver.cpp, line 782]
Event: 73.985 Thread 0x000001a24d65e4f0 Exception <a 'java/lang/NoSuchMethodError'{0x000000074cf1fbf0}: 'java.lang.Object java.lang.invoke.DirectMethodHandle$Holder.invokeInterface(java.lang.Object, java.lang.Object)'> (0x000000074cf1fbf0) 
thrown [./open/src/hotspot/share/interpreter/linkResolver.cpp, line 782]
Event: 73.986 Thread 0x000001a24d65e4f0 Exception <a 'java/lang/IncompatibleClassChangeError'{0x000000074cf235e8}: Found class java.lang.Object, but interface was expected> (0x000000074cf235e8) 
thrown [./open/src/hotspot/share/interpreter/linkResolver.cpp, line 848]
Event: 85.851 Thread 0x000001a24d65e4f0 Exception <a 'java/lang/ClassNotFoundException'{0x000000074c06fcc8}: com/sun/javafx/scene/control/skin/resources/controls> (0x000000074c06fcc8) 
thrown [./open/src/hotspot/share/prims/jni.cpp, line 599]
Event: 85.854 Thread 0x000001a24d65e4f0 Exception <a 'java/lang/ClassNotFoundException'{0x000000074c07d7c0}: com/sun/javafx/scene/control/skin/resources/controls_ru> (0x000000074c07d7c0) 
thrown [./open/src/hotspot/share/prims/jni.cpp, line 599]
Event: 85.855 Thread 0x000001a24d65e4f0 Exception <a 'java/lang/ClassNotFoundException'{0x000000074c07f030}: com/sun/javafx/scene/control/skin/resources/controls_ru_RU> (0x000000074c07f030) 
thrown [./open/src/hotspot/share/prims/jni.cpp, line 599]
Event: 85.978 Thread 0x000001a24d65e4f0 Exception <a 'java/lang/NoSuchMethodError'{0x000000074be6d630}: 'void java.lang.invoke.DirectMethodHandle$Holder.invokeSpecial(java.lang.Object, java.lang.Object, java.lang.Object, java.lang.Object, java.lang.Object, java.lang.Object)'> (0x000000074be6d630) 
thrown [./open/src/hotspot/share/interpreter/linkResolver.cpp, line 782]
Event: 86.063 Thread 0x000001a24d65e4f0 Exception <a 'java/lang/NoSuchMethodError'{0x000000074de71358}: 'java.lang.Object java.lang.invoke.DirectMethodHandle$Holder.invokeInterface(java.lang.Object, java.lang.Object, java.lang.Object)'> (0x000000074de71358) 
thrown [./open/src/hotspot/share/interpreter/linkResolver.cpp, line 782]
Event: 86.064 Thread 0x000001a24d65e4f0 Exception <a 'java/lang/IncompatibleClassChangeError'{0x000000074de74ed8}: Found class java.lang.Object, but interface was expected> (0x000000074de74ed8) 
thrown [./open/src/hotspot/share/interpreter/linkResolver.cpp, line 848]
Event: 86.227 Thread 0x000001a24d65e4f0 Exception <a 'java/lang/NoSuchMethodError'{0x000000074dc92d50}: 'java.lang.Object java.lang.invoke.DirectMethodHandle$Holder.newInvokeSpecial(java.lang.Object, java.lang.Object, int)'> (0x000000074dc92d50) 
thrown [./open/src/hotspot/share/interpreter/linkResolver.cpp, line 782]
Event: 88.574 Thread 0x000001a24c878270 Exception <a 'java/lang/NoSuchMethodError'{0x000000074da1e5f8}: 'int java.lang.invoke.DirectMethodHandle$Holder.invokeStaticInit(java.lang.Object, java.lang.Object)'> (0x000000074da1e5f8) 
thrown [./open/src/hotspot/share/interpreter/linkResolver.cpp, line 782]
Event: 88.590 Thread 0x000001a24d65e4f0 Exception <a 'java/lang/NoSuchMethodError'{0x000000074dcf9270}: 'long java.lang.invoke.DirectMethodHandle$Holder.invokeStatic(java.lang.Object, java.lang.Object, java.lang.Object)'> (0x000000074dcf9270) 
thrown [./open/src/hotspot/share/interpreter/linkResolver.cpp, line 782]
Event: 88.594 Thread 0x000001a24d65e4f0 Exception <a 'java/lang/NoSuchMethodError'{0x000000074dcfcc20}: 'long java.lang.invoke.DirectMethodHandle$Holder.invokeStaticInit(java.lang.Object, java.lang.Object, java.lang.Object)'> (0x000000074dcfcc20) 
thrown [./open/src/hotspot/share/interpreter/linkResolver.cpp, line 782]
Event: 88.616 Thread 0x000001a24d65e4f0 Exception <a 'java/lang/NoSuchMethodError'{0x000000074db14f30}: 'java.lang.Object java.lang.invoke.DirectMethodHandle$Holder.newInvokeSpecial(java.lang.Object, java.lang.Object, long)'> (0x000000074db14f30) 
thrown [./open/src/hotspot/share/interpreter/linkResolver.cpp, line 782]
Event: 88.619 Thread 0x000001a24d65e4f0 Exception <a 'java/lang/NoSuchMethodError'{0x000000074db18ca0}: 'java.lang.Object java.lang.invoke.Invokers$Holder.linkToTargetMethod(java.lang.Object, long, java.lang.Object)'> (0x000000074db18ca0) 
thrown [./open/src/hotspot/share/interpreter/linkResolver.cpp, line 782]
Event: 156.141 Thread 0x000001a24d65e4f0 Exception <a 'java/lang/NoSuchMethodError'{0x000000074d215cb0}: 'java.lang.Object java.lang.invoke.DirectMethodHandle$Holder.newInvokeSpecial(java.lang.Object, java.lang.Object, int, int, int, int, int, java.lang.Object)'> (0x000000074d215cb0) 
thrown [./open/src/hotspot/share/interpreter/linkResolver.cpp, line 782]
Event: 156.152 Thread 0x000001a24d65e4f0 Exception <a 'java/lang/NoSuchMethodError'{0x000000074d229d70}: 'java.lang.Object java.lang.invoke.DirectMethodHandle$Holder.newInvokeSpecial(java.lang.Object, java.lang.Object, java.lang.Object, int, int, int, int, int)'> (0x000000074d229d70) 
thrown [./open/src/hotspot/share/interpreter/linkResolver.cpp, line 782]
Event: 156.156 Thread 0x000001a24d65e4f0 Exception <a 'java/lang/NoSuchMethodError'{0x000000074d231e20}: 'java.lang.Object java.lang.invoke.Invokers$Holder.linkToTargetMethod(java.lang.Object, java.lang.Object, int, int, int, int, int, java.lang.Object)'> (0x000000074d231e20) 
thrown [./open/src/hotspot/share/interpreter/linkResolver.cpp, line 782]
Event: 254.687 Thread 0x000001a24d65e4f0 Exception <a 'java/lang/NoSuchMethodError'{0x000000074d1fbf48}: static [Ljava/lang/StackTraceElement;.<clinit>()V> (0x000000074d1fbf48) 
thrown [./open/src/hotspot/share/prims/jni.cpp, line 1204]

Events (20 events):
Event: 310.196 Executing VM operation: ChangeBreakpoints done
Event: 310.196 Executing VM operation: ChangeBreakpoints
Event: 310.196 Executing VM operation: ChangeBreakpoints done
Event: 310.196 Executing VM operation: ChangeBreakpoints
Event: 310.196 Executing VM operation: ChangeBreakpoints done
Event: 310.196 Executing VM operation: ChangeBreakpoints
Event: 310.196 Executing VM operation: ChangeBreakpoints done
Event: 310.197 Thread 0x000001a24c088280 Thread exited: 0x000001a24c088280
Event: 310.242 loading class jdk/internal/misc/Signal$1
Event: 310.242 loading class jdk/internal/misc/Signal$1 done
Event: 310.242 Thread 0x000001a24c2e22f0 Thread added: 0x000001a24c2e22f0
Event: 310.242 Thread 0x000001a24c2e6650 Thread added: 0x000001a24c2e6650
Event: 310.242 Thread 0x000001a24c2e74c0 Thread added: 0x000001a24c2e74c0
Event: 310.243 loading class com/sun/javafx/tk/quantum/QuantumRenderer
Event: 310.243 loading class com/sun/javafx/tk/quantum/QuantumRenderer done
Event: 310.243 Thread 0x000001a24c2e74c0 Thread exited: 0x000001a24c2e74c0
Event: 310.243 loading class com/sun/javafx/tk/quantum/QuantumToolkit
Event: 310.243 loading class com/sun/javafx/tk/quantum/QuantumToolkit done
Event: 310.243 Thread 0x000001a24c2e6650 Thread exited: 0x000001a24c2e6650
Event: 310.244 Executing VM operation: Exit


Dynamic libraries:
0x00007ff6e2060000 - 0x00007ff6e206d000 	C:\Users\Vadim\.jdks\openjdk-15.0.1\bin\java.exe
0x00007ffc6f770000 - 0x00007ffc6f95d000 	C:\Windows\SYSTEM32\ntdll.dll
0x00007ffc6d6e0000 - 0x00007ffc6d793000 	C:\Windows\System32\KERNEL32.DLL
0x00007ffc6c4b0000 - 0x00007ffc6c745000 	C:\Windows\System32\KERNELBASE.dll
0x00007ffc6c7f0000 - 0x00007ffc6c8ea000 	C:\Windows\System32\ucrtbase.dll
0x00007ffc579b0000 - 0x00007ffc579c8000 	C:\Users\Vadim\.jdks\openjdk-15.0.1\bin\jli.dll
0x00007ffc56ec0000 - 0x00007ffc56ed9000 	C:\Users\Vadim\.jdks\openjdk-15.0.1\bin\VCRUNTIME140.dll
0x00007ffc6f570000 - 0x00007ffc6f707000 	C:\Windows\System32\USER32.dll
0x00007ffc6bc80000 - 0x00007ffc6bca0000 	C:\Windows\System32\win32u.dll
0x00007ffc6f2d0000 - 0x00007ffc6f2f9000 	C:\Windows\System32\GDI32.dll
0x00007ffc5c710000 - 0x00007ffc5c989000 	C:\Windows\WinSxS\amd64_microsoft.windows.common-controls_6595b64144ccf1df_6.0.17763.1577_none_de7444545348a3d0\COMCTL32.dll
0x00007ffc6bae0000 - 0x00007ffc6bc7c000 	C:\Windows\System32\gdi32full.dll
0x00007ffc6d950000 - 0x00007ffc6d9ee000 	C:\Windows\System32\msvcrt.dll
0x00007ffc6c8f0000 - 0x00007ffc6c990000 	C:\Windows\System32\msvcp_win.dll
0x00007ffc6eef0000 - 0x00007ffc6f21d000 	C:\Windows\System32\combase.dll
0x00007ffc6cdf0000 - 0x00007ffc6cf12000 	C:\Windows\System32\RPCRT4.dll
0x00007ffc6ba60000 - 0x00007ffc6bade000 	C:\Windows\System32\bcryptPrimitives.dll
0x00007ffc6f710000 - 0x00007ffc6f73e000 	C:\Windows\System32\IMM32.DLL
0x00007ffc5d600000 - 0x00007ffc5d60c000 	C:\Users\Vadim\.jdks\openjdk-15.0.1\bin\vcruntime140_1.dll
0x00007ffc56990000 - 0x00007ffc56a21000 	C:\Users\Vadim\.jdks\openjdk-15.0.1\bin\msvcp140.dll
0x00007ffc2f3a0000 - 0x00007ffc2fefe000 	C:\Users\Vadim\.jdks\openjdk-15.0.1\bin\server\jvm.dll
0x00007ffc6d7a0000 - 0x00007ffc6d843000 	C:\Windows\System32\ADVAPI32.dll
0x00007ffc6f230000 - 0x00007ffc6f2ce000 	C:\Windows\System32\sechost.dll
0x00007ffc6cbd0000 - 0x00007ffc6cbd8000 	C:\Windows\System32\PSAPI.DLL
0x00007ffc61c60000 - 0x00007ffc61c84000 	C:\Windows\SYSTEM32\WINMM.dll
0x00007ffc67760000 - 0x00007ffc67769000 	C:\Windows\SYSTEM32\WSOCK32.dll
0x00007ffc654d0000 - 0x00007ffc654da000 	C:\Windows\SYSTEM32\VERSION.dll
0x00007ffc6d8c0000 - 0x00007ffc6d92d000 	C:\Windows\System32\WS2_32.dll
0x00007ffc61a20000 - 0x00007ffc61a4d000 	C:\Windows\SYSTEM32\WINMMBASE.dll
0x00007ffc6c770000 - 0x00007ffc6c7ba000 	C:\Windows\System32\cfgmgr32.dll
0x00007ffc6b750000 - 0x00007ffc6b761000 	C:\Windows\System32\kernel.appcore.dll
0x00007ffc57de0000 - 0x00007ffc57dea000 	C:\Users\Vadim\.jdks\openjdk-15.0.1\bin\jimage.dll
0x00007ffc69fc0000 - 0x00007ffc6a1ad000 	C:\Windows\SYSTEM32\DBGHELP.DLL
0x00007ffc64e50000 - 0x00007ffc64e7a000 	C:\Windows\SYSTEM32\dbgcore.DLL
0x00007ffc5fa70000 - 0x00007ffc5faa9000 	C:\Users\Vadim\.jdks\openjdk-15.0.1\bin\jdwp.dll
0x00007ffc57af0000 - 0x00007ffc57afe000 	C:\Users\Vadim\.jdks\openjdk-15.0.1\bin\instrument.dll
0x00007ffc56ae0000 - 0x00007ffc56b05000 	C:\Users\Vadim\.jdks\openjdk-15.0.1\bin\java.dll
0x00007ffc6d9f0000 - 0x00007ffc6eee9000 	C:\Windows\System32\SHELL32.dll
0x00007ffc6cd40000 - 0x00007ffc6cde8000 	C:\Windows\System32\shcore.dll
0x00007ffc6bca0000 - 0x00007ffc6c3f3000 	C:\Windows\System32\windows.storage.dll
0x00007ffc6b790000 - 0x00007ffc6b7b4000 	C:\Windows\System32\profapi.dll
0x00007ffc6b7c0000 - 0x00007ffc6b81d000 	C:\Windows\System32\powrprof.dll
0x00007ffc6f510000 - 0x00007ffc6f562000 	C:\Windows\System32\shlwapi.dll
0x00007ffc6c750000 - 0x00007ffc6c767000 	C:\Windows\System32\cryptsp.dll
0x00007ffc56ac0000 - 0x00007ffc56ad9000 	C:\Users\Vadim\.jdks\openjdk-15.0.1\bin\net.dll
0x00007ffc636d0000 - 0x00007ffc637c4000 	C:\Windows\SYSTEM32\WINHTTP.dll
0x00007ffc6afc0000 - 0x00007ffc6b027000 	C:\Windows\system32\mswsock.dll
0x00007ffc56970000 - 0x00007ffc56982000 	C:\Users\Vadim\.jdks\openjdk-15.0.1\bin\nio.dll
0x00007ffc56900000 - 0x00007ffc56918000 	C:\Users\Vadim\.jdks\openjdk-15.0.1\bin\zip.dll
0x00007ffc57950000 - 0x00007ffc5795b000 	C:\Users\Vadim\.jdks\openjdk-15.0.1\bin\dt_socket.dll
0x00007ffc6ace0000 - 0x00007ffc6ad1d000 	C:\Windows\SYSTEM32\IPHLPAPI.DLL
0x000001a229e70000 - 0x000001a229e73000 	C:\Users\Vadim\Downloads\javafx-sdk-15.0.1\bin\api-ms-win-core-console-l1-1-0.dll
0x000001a229e80000 - 0x000001a229e83000 	C:\Users\Vadim\Downloads\javafx-sdk-15.0.1\bin\api-ms-win-core-console-l1-2-0.dll
0x000001a229e90000 - 0x000001a229e93000 	C:\Users\Vadim\Downloads\javafx-sdk-15.0.1\bin\api-ms-win-core-datetime-l1-1-0.dll
0x000001a24dc10000 - 0x000001a24dc13000 	C:\Users\Vadim\Downloads\javafx-sdk-15.0.1\bin\api-ms-win-core-debug-l1-1-0.dll
0x000001a24dc20000 - 0x000001a24dc23000 	C:\Users\Vadim\Downloads\javafx-sdk-15.0.1\bin\api-ms-win-core-errorhandling-l1-1-0.dll
0x000001a24dc30000 - 0x000001a24dc34000 	C:\Users\Vadim\Downloads\javafx-sdk-15.0.1\bin\api-ms-win-core-file-l1-1-0.dll
0x000001a24d880000 - 0x000001a24d883000 	C:\Users\Vadim\Downloads\javafx-sdk-15.0.1\bin\api-ms-win-core-file-l1-2-0.dll
0x000001a24d890000 - 0x000001a24d893000 	C:\Users\Vadim\Downloads\javafx-sdk-15.0.1\bin\api-ms-win-core-file-l2-1-0.dll
0x000001a24d8a0000 - 0x000001a24d8a3000 	C:\Users\Vadim\Downloads\javafx-sdk-15.0.1\bin\api-ms-win-core-handle-l1-1-0.dll
0x000001a24d8b0000 - 0x000001a24d8b3000 	C:\Users\Vadim\Downloads\javafx-sdk-15.0.1\bin\api-ms-win-core-heap-l1-1-0.dll
0x000001a24d8c0000 - 0x000001a24d8c3000 	C:\Users\Vadim\Downloads\javafx-sdk-15.0.1\bin\api-ms-win-core-interlocked-l1-1-0.dll
0x000001a24d8d0000 - 0x000001a24d8d3000 	C:\Users\Vadim\Downloads\javafx-sdk-15.0.1\bin\api-ms-win-core-libraryloader-l1-1-0.dll
0x000001a24d8e0000 - 0x000001a24d8e3000 	C:\Users\Vadim\Downloads\javafx-sdk-15.0.1\bin\api-ms-win-core-localization-l1-2-0.dll
0x000001a24d8f0000 - 0x000001a24d8f3000 	C:\Users\Vadim\Downloads\javafx-sdk-15.0.1\bin\api-ms-win-core-memory-l1-1-0.dll
0x000001a24d900000 - 0x000001a24d903000 	C:\Users\Vadim\Downloads\javafx-sdk-15.0.1\bin\api-ms-win-core-namedpipe-l1-1-0.dll
0x000001a24d910000 - 0x000001a24d913000 	C:\Users\Vadim\Downloads\javafx-sdk-15.0.1\bin\api-ms-win-core-processenvironment-l1-1-0.dll
0x000001a24d920000 - 0x000001a24d923000 	C:\Users\Vadim\Downloads\javafx-sdk-15.0.1\bin\api-ms-win-core-processthreads-l1-1-0.dll
0x000001a24d930000 - 0x000001a24d933000 	C:\Users\Vadim\Downloads\javafx-sdk-15.0.1\bin\api-ms-win-core-processthreads-l1-1-1.dll
0x000001a24d940000 - 0x000001a24d943000 	C:\Users\Vadim\Downloads\javafx-sdk-15.0.1\bin\api-ms-win-core-profile-l1-1-0.dll
0x000001a24d950000 - 0x000001a24d953000 	C:\Users\Vadim\Downloads\javafx-sdk-15.0.1\bin\api-ms-win-core-rtlsupport-l1-1-0.dll
0x000001a24d960000 - 0x000001a24d963000 	C:\Users\Vadim\Downloads\javafx-sdk-15.0.1\bin\api-ms-win-core-string-l1-1-0.dll
0x000001a24d970000 - 0x000001a24d973000 	C:\Users\Vadim\Downloads\javafx-sdk-15.0.1\bin\api-ms-win-core-synch-l1-1-0.dll
0x000001a24d980000 - 0x000001a24d983000 	C:\Users\Vadim\Downloads\javafx-sdk-15.0.1\bin\api-ms-win-core-synch-l1-2-0.dll
0x000001a24d990000 - 0x000001a24d993000 	C:\Users\Vadim\Downloads\javafx-sdk-15.0.1\bin\api-ms-win-core-sysinfo-l1-1-0.dll
0x000001a24d9a0000 - 0x000001a24d9a3000 	C:\Users\Vadim\Downloads\javafx-sdk-15.0.1\bin\api-ms-win-core-timezone-l1-1-0.dll
0x000001a24d9b0000 - 0x000001a24d9b3000 	C:\Users\Vadim\Downloads\javafx-sdk-15.0.1\bin\api-ms-win-core-util-l1-1-0.dll
0x000001a24d9c0000 - 0x000001a24d9c3000 	C:\Users\Vadim\Downloads\javafx-sdk-15.0.1\bin\api-ms-win-crt-conio-l1-1-0.dll
0x000001a24d9d0000 - 0x000001a24d9d4000 	C:\Users\Vadim\Downloads\javafx-sdk-15.0.1\bin\api-ms-win-crt-convert-l1-1-0.dll
0x000001a24d9e0000 - 0x000001a24d9e3000 	C:\Users\Vadim\Downloads\javafx-sdk-15.0.1\bin\api-ms-win-crt-environment-l1-1-0.dll
0x000001a24d9f0000 - 0x000001a24d9f3000 	C:\Users\Vadim\Downloads\javafx-sdk-15.0.1\bin\api-ms-win-crt-filesystem-l1-1-0.dll
0x000001a24da00000 - 0x000001a24da03000 	C:\Users\Vadim\Downloads\javafx-sdk-15.0.1\bin\api-ms-win-crt-heap-l1-1-0.dll
0x000001a24da10000 - 0x000001a24da13000 	C:\Users\Vadim\Downloads\javafx-sdk-15.0.1\bin\api-ms-win-crt-locale-l1-1-0.dll
0x000001a24da20000 - 0x000001a24da25000 	C:\Users\Vadim\Downloads\javafx-sdk-15.0.1\bin\api-ms-win-crt-math-l1-1-0.dll
0x000001a24da30000 - 0x000001a24da35000 	C:\Users\Vadim\Downloads\javafx-sdk-15.0.1\bin\api-ms-win-crt-multibyte-l1-1-0.dll
0x000001a24da40000 - 0x000001a24da50000 	C:\Users\Vadim\Downloads\javafx-sdk-15.0.1\bin\api-ms-win-crt-private-l1-1-0.dll
0x000001a24da50000 - 0x000001a24da53000 	C:\Users\Vadim\Downloads\javafx-sdk-15.0.1\bin\api-ms-win-crt-process-l1-1-0.dll
0x000001a24da60000 - 0x000001a24da64000 	C:\Users\Vadim\Downloads\javafx-sdk-15.0.1\bin\api-ms-win-crt-runtime-l1-1-0.dll
0x000001a24da70000 - 0x000001a24da74000 	C:\Users\Vadim\Downloads\javafx-sdk-15.0.1\bin\api-ms-win-crt-stdio-l1-1-0.dll
0x000001a24da80000 - 0x000001a24da84000 	C:\Users\Vadim\Downloads\javafx-sdk-15.0.1\bin\api-ms-win-crt-string-l1-1-0.dll
0x000001a24da90000 - 0x000001a24da93000 	C:\Users\Vadim\Downloads\javafx-sdk-15.0.1\bin\api-ms-win-crt-time-l1-1-0.dll
0x000001a24daa0000 - 0x000001a24daa3000 	C:\Users\Vadim\Downloads\javafx-sdk-15.0.1\bin\api-ms-win-crt-utility-l1-1-0.dll
0x00007ffc0b330000 - 0x00007ffc0b42c000 	C:\Users\Vadim\Downloads\javafx-sdk-15.0.1\bin\ucrtbase.dll
0x00007ffc3cc70000 - 0x00007ffc3cc85000 	C:\Users\Vadim\Downloads\javafx-sdk-15.0.1\bin\vcruntime140.dll
0x00007ffc274f0000 - 0x00007ffc2758b000 	C:\Users\Vadim\Downloads\javafx-sdk-15.0.1\bin\msvcp140.dll
0x00007ffc375f0000 - 0x00007ffc37613000 	C:\Users\Vadim\Downloads\javafx-sdk-15.0.1\bin\prism_d3d.dll
0x00007ffc60220000 - 0x00007ffc603be000 	C:\Windows\system32\d3d9.dll
0x00007ffc69cd0000 - 0x00007ffc69cfe000 	C:\Windows\SYSTEM32\dwmapi.dll
0x00007ffc6b820000 - 0x00007ffc6b9fc000 	C:\Windows\System32\CRYPT32.dll
0x00007ffc6b770000 - 0x00007ffc6b782000 	C:\Windows\System32\MSASN1.dll
0x00007ffc69550000 - 0x00007ffc695ec000 	C:\Windows\system32\uxtheme.dll
0x00007ffc6cbe0000 - 0x00007ffc6cd36000 	C:\Windows\System32\ole32.dll
0x00007ffc6cb00000 - 0x00007ffc6cbc4000 	C:\Windows\System32\OLEAUT32.dll
0x00007ffc2cf90000 - 0x00007ffc2cfd5000 	C:\Users\Vadim\Downloads\javafx-sdk-15.0.1\bin\glass.dll
0x00007ffc6d000000 - 0x00007ffc6d127000 	C:\Windows\System32\COMDLG32.dll
0x00007ffc5fac0000 - 0x00007ffc5fad0000 	C:\Users\Vadim\.jdks\openjdk-15.0.1\bin\verify.dll
0x00007ffc6c990000 - 0x00007ffc6cafb000 	C:\Windows\System32\MSCTF.dll
0x00007ffc3b9a0000 - 0x00007ffc3b9b4000 	C:\Users\Vadim\Downloads\javafx-sdk-15.0.1\bin\javafx_font.dll
0x00007ffc51d50000 - 0x00007ffc5204c000 	C:\Windows\SYSTEM32\dwrite.dll
0x00007ffc6d630000 - 0x00007ffc6d6d2000 	C:\Windows\System32\clbcatq.dll
0x00007ffc572b0000 - 0x00007ffc57468000 	C:\Windows\SYSTEM32\WindowsCodecs.dll
0x00007ffc509f0000 - 0x00007ffc50a46000 	C:\Windows\system32\dataexchange.dll
0x00007ffc67fc0000 - 0x00007ffc6823e000 	C:\Windows\system32\d3d11.dll
0x00007ffc68850000 - 0x00007ffc68a14000 	C:\Windows\system32\dcomp.dll
0x00007ffc6a540000 - 0x00007ffc6a602000 	C:\Windows\system32\dxgi.dll
0x00007ffc69a60000 - 0x00007ffc69c74000 	C:\Windows\system32\twinapi.appcore.dll
0x00007ffc69c80000 - 0x00007ffc69ca8000 	C:\Windows\system32\RMCLIENT.dll
0x00007ffc2c5e0000 - 0x00007ffc2c613000 	C:\Program Files\Common Files\Microsoft Shared\Ink\rtscom.dll
0x00007ffc600c0000 - 0x00007ffc60155000 	C:\Windows\System32\TextInputFramework.dll
0x00007ffc57470000 - 0x00007ffc57792000 	C:\Windows\System32\CoreUIComponents.dll
0x00007ffc68d80000 - 0x00007ffc68e62000 	C:\Windows\System32\CoreMessaging.dll
0x00007ffc6a7c0000 - 0x00007ffc6a7f1000 	C:\Windows\SYSTEM32\ntmarta.dll
0x00007ffc67510000 - 0x00007ffc67663000 	C:\Windows\SYSTEM32\wintypes.dll

dbghelp: loaded successfully - version: 4.0.5 - missing functions: none
symbol engine: initialized successfully - sym options: 0x614 - pdb path: .;C:\Users\Vadim\.jdks\openjdk-15.0.1\bin;C:\Windows\SYSTEM32;C:\Windows\WinSxS\amd64_microsoft.windows.common-controls_6595b64144ccf1df_6.0.17763.1577_none_de7444545348a3d0;C:\Users\Vadim\.jdks\openjdk-15.0.1\bin\server;C:\Users\Vadim\Downloads\javafx-sdk-15.0.1\bin;C:\Windows\System32\DriverStore\FileRepository\igdlh64.inf_amd64_28d80681d3523b1c;C:\Program Files\Common Files\Microsoft Shared\Ink

VM Arguments:
jvm_args: -agentlib:jdwp=transport=dt_socket,address=127.0.0.1:57074,suspend=y,server=n --module-path=C:\Users\Vadim\Downloads\javafx-sdk-15.0.1\lib --add-modules=javafx.controls,javafx.fxml --add-exports=javafx.graphics/com.sun.javafx.sg.prism=ALL-UNNAMED --add-modules=javafx.base,javafx.graphics --add-reads=javafx.base=ALL-UNNAMED --add-reads=javafx.graphics=ALL-UNNAMED -javaagent:C:\Users\Vadim\AppData\Local\JetBrains\IntelliJIdea2020.2\captureAgent\debugger-agent.jar -Dfile.encoding=UTF-8 
java_command: sample.Main
java_class_path (initial): D:\5\\client\out\production\client;C:\Users\Vadim\Downloads\javafx-sdk-15.0.1\lib\src.zip;C:\Users\Vadim\Downloads\javafx-sdk-15.0.1\lib\javafx-swt.jar;C:\Users\Vadim\Downloads\javafx-sdk-15.0.1\lib\javafx.web.jar;C:\Users\Vadim\Downloads\javafx-sdk-15.0.1\lib\javafx.base.jar;C:\Users\Vadim\Downloads\javafx-sdk-15.0.1\lib\javafx.fxml.jar;C:\Users\Vadim\Downloads\javafx-sdk-15.0.1\lib\javafx.media.jar;C:\Users\Vadim\Downloads\javafx-sdk-15.0.1\lib\javafx.swing.jar;C:\Users\Vadim\Downloads\javafx-sdk-15.0.1\lib\javafx.controls.jar;C:\Users\Vadim\Downloads\javafx-sdk-15.0.1\lib\javafx.graphics.jar;C:\Users\Vadim\Downloads\openjfx-15.0.1_windows-x64_bin-sdk.zip;C:\Program Files\JetBrains\IntelliJ IDEA 2020.2.2\lib\idea_rt.jar
Launcher Type: SUN_STANDARD

[Global flags]
     intx CICompilerCount                          = 4                                         {product} {ergonomic}
     uint ConcGCThreads                            = 3                                         {product} {ergonomic}
     uint G1ConcRefinementThreads                  = 10                                        {product} {ergonomic}
   size_t G1HeapRegionSize                         = 2097152                                   {product} {ergonomic}
    uintx GCDrainStackTargetSize                   = 64                                        {product} {ergonomic}
   size_t InitialHeapSize                          = 199229440                                 {product} {ergonomic}
   size_t MarkStackSize                            = 4194304                                   {product} {ergonomic}
   size_t MaxHeapSize                              = 3183476736                                {product} {ergonomic}
   size_t MaxNewSize                               = 1908408320                                {product} {ergonomic}
   size_t MinHeapDeltaBytes                        = 2097152                                   {product} {ergonomic}
   size_t MinHeapSize                              = 8388608                                   {product} {ergonomic}
    uintx NonNMethodCodeHeapSize                   = 5839372                                {pd product} {ergonomic}
    uintx NonProfiledCodeHeapSize                  = 122909434                              {pd product} {ergonomic}
    uintx ProfiledCodeHeapSize                     = 122909434                              {pd product} {ergonomic}
    uintx ReservedCodeCacheSize                    = 251658240                              {pd product} {ergonomic}
     bool SegmentedCodeCache                       = true                                      {product} {ergonomic}
   size_t SoftMaxHeapSize                          = 3183476736                             {manageable} {ergonomic}
     bool UseCompressedClassPointers               = true                                 {lp64_product} {ergonomic}
     bool UseCompressedOops                        = true                                 {lp64_product} {ergonomic}
     bool UseG1GC                                  = true                                      {product} {ergonomic}
     bool UseLargePagesIndividualAllocation        = false                                  {pd product} {ergonomic}

Logging:
Log output configuration:
 #0: stdout all=off uptime,level,tags
 #1: stderr all=off uptime,level,tags

Environment Variables:
PATH=C:\Windows\system32;C:\Windows;C:\Windows\System32\Wbem;C:\Windows\System32\WindowsPowerShell\v1.0\;C:\Windows\System32\OpenSSH\;C:\Program Files\NVIDIA Corporation\NVIDIA NvDLISR;C:\Program Files (x86)\NVIDIA Corporation\PhysX\Common;C:\Program Files (x86)\IncrediBuild;C:\Program Files (x86)\Microsoft SQL Server\Client SDK\ODBC\110\Tools\Binn\;C:\Program Files (x86)\Microsoft SQL Server\120\Tools\Binn\;C:\Program Files (x86)\Microsoft SQL Server\120\DTS\Binn\;C:\Program Files (x86)\Microsoft SQL Server\150\DTS\Binn\;C:\Program Files\Git\cmd;C:\Program Files\Microsoft SQL Server\130\Tools\Binn\;C:\Program Files\Microsoft SQL Server\Client SDK\ODBC\170\Tools\Binn\;C:\Program Files\MySQL\MySQL Shell 8.0\bin\;C:\Users\Vadim\AppData\Local\Microsoft\WindowsApps;
USERNAME=Vadim
OS=Windows_NT
PROCESSOR_IDENTIFIER=Intel64 Family 6 Model 158 Stepping 10, GenuineIntel



---------------  S Y S T E M  ---------------

OS:
 Windows 10 , 64 bit Build 17763 (10.0.17763.475)
OS uptime: 4 days 14:46 hours

CPU: total 12 (initial active 12) (6 cores per cpu, 2 threads per core) family 6 model 158 stepping 10 microcode 0xb4, cmov, cx8, fxsr, mmx, sse, sse2, sse3, ssse3, sse4.1, sse4.2, popcnt, vzeroupper, avx, avx2, aes, clmul, erms, 3dnowpref, lzcnt, ht, tsc, tscinvbit, bmi1, bmi2, adx, fma, clflush, clflushopt

Memory: 4k page, system-wide physical 12142M (3278M free)
TotalPageFile size 17559M (AvailPageFile size 3334M)
current process WorkingSet (physical memory assigned to process): 134M, peak: 158M
current process commit charge ("private bytes"): 331M, peak: 365M

vm_info: OpenJDK 64-Bit Server VM (15.0.1+9-18) for windows-amd64 JRE (15.0.1+9-18), built on Sep 15 2020 14:39:31 by "mach5one" with unknown MS VC++:1925

END.
